2021-02-09T15:41:18.959220753Z stderr F Flag --port has been deprecated, see --secure-port instead.
2021-02-09T15:41:20.540112667Z stderr F I0209 15:41:20.539781       1 serving.go:331] Generated self-signed cert in-memory
2021-02-09T15:41:21.388663578Z stderr F I0209 15:41:21.388198       1 controllermanager.go:175] Version: v1.19.1
2021-02-09T15:41:21.391375107Z stderr F I0209 15:41:21.390872       1 dynamic_cafile_content.go:167] Starting request-header::/etc/kubernetes/pki/front-proxy-ca.crt
2021-02-09T15:41:21.391426685Z stderr F I0209 15:41:21.391117       1 dynamic_cafile_content.go:167] Starting client-ca-bundle::/etc/kubernetes/pki/ca.crt
2021-02-09T15:41:21.39235782Z stderr F I0209 15:41:21.391897       1 secure_serving.go:197] Serving securely on 127.0.0.1:10257
2021-02-09T15:41:21.392389513Z stderr F I0209 15:41:21.392024       1 tlsconfig.go:240] Starting DynamicServingCertificateController
2021-02-09T15:41:21.39248729Z stderr F I0209 15:41:21.392285       1 leaderelection.go:243] attempting to acquire leader lease  kube-system/kube-controller-manager...
2021-02-09T15:41:25.923049548Z stderr F E0209 15:41:25.922552       1 leaderelection.go:321] error retrieving resource lock kube-system/kube-controller-manager: endpoints "kube-controller-manager" is forbidden: User "system:kube-controller-manager" cannot get resource "endpoints" in API group "" in the namespace "kube-system"
2021-02-09T15:41:28.880455473Z stderr F I0209 15:41:28.880038       1 leaderelection.go:253] successfully acquired lease kube-system/kube-controller-manager
2021-02-09T15:41:28.880648889Z stderr F I0209 15:41:28.880139       1 event.go:291] "Event occurred" object="kube-system/kube-controller-manager" kind="Endpoints" apiVersion="v1" type="Normal" reason="LeaderElection" message="kind-control-plane_35dd5bf8-873c-4f57-9d9a-452e1f66f5dd became leader"
2021-02-09T15:41:28.880677477Z stderr F I0209 15:41:28.880423       1 event.go:291] "Event occurred" object="kube-system/kube-controller-manager" kind="Lease" apiVersion="coordination.k8s.io/v1" type="Normal" reason="LeaderElection" message="kind-control-plane_35dd5bf8-873c-4f57-9d9a-452e1f66f5dd became leader"
2021-02-09T15:41:29.25058966Z stderr F I0209 15:41:29.250250       1 shared_informer.go:240] Waiting for caches to sync for tokens
2021-02-09T15:41:29.350843306Z stderr F I0209 15:41:29.350587       1 shared_informer.go:247] Caches are synced for tokens 
2021-02-09T15:41:29.385141298Z stderr F I0209 15:41:29.384715       1 controllermanager.go:549] Started "job"
2021-02-09T15:41:29.385997757Z stderr F I0209 15:41:29.385737       1 job_controller.go:148] Starting job controller
2021-02-09T15:41:29.386017025Z stderr F I0209 15:41:29.385784       1 shared_informer.go:240] Waiting for caches to sync for job
2021-02-09T15:41:29.429871951Z stderr F I0209 15:41:29.429452       1 controllermanager.go:549] Started "bootstrapsigner"
2021-02-09T15:41:29.430446377Z stderr F I0209 15:41:29.430048       1 shared_informer.go:240] Waiting for caches to sync for bootstrap_signer
2021-02-09T15:41:29.470458111Z stderr F I0209 15:41:29.468583       1 controllermanager.go:549] Started "tokencleaner"
2021-02-09T15:41:29.470644999Z stderr F I0209 15:41:29.468847       1 tokencleaner.go:118] Starting token cleaner controller
2021-02-09T15:41:29.470660524Z stderr F I0209 15:41:29.468969       1 shared_informer.go:240] Waiting for caches to sync for token_cleaner
2021-02-09T15:41:29.470670364Z stderr F I0209 15:41:29.468998       1 shared_informer.go:247] Caches are synced for token_cleaner 
2021-02-09T15:41:29.514481357Z stderr F I0209 15:41:29.512319       1 node_lifecycle_controller.go:77] Sending events to api server
2021-02-09T15:41:29.51454912Z stderr F E0209 15:41:29.512584       1 core.go:230] failed to start cloud node lifecycle controller: no cloud provider provided
2021-02-09T15:41:29.514557777Z stderr F W0209 15:41:29.512616       1 controllermanager.go:541] Skipping "cloud-node-lifecycle"
2021-02-09T15:41:29.556559024Z stderr F I0209 15:41:29.556292       1 controllermanager.go:549] Started "statefulset"
2021-02-09T15:41:29.557172453Z stderr F I0209 15:41:29.556648       1 stateful_set.go:146] Starting stateful set controller
2021-02-09T15:41:29.557191666Z stderr F I0209 15:41:29.557134       1 shared_informer.go:240] Waiting for caches to sync for stateful set
2021-02-09T15:41:29.591810787Z stderr F I0209 15:41:29.591430       1 controllermanager.go:549] Started "csrsigning"
2021-02-09T15:41:29.592892036Z stderr F I0209 15:41:29.592522       1 certificate_controller.go:118] Starting certificate controller "csrsigning-legacy-unknown"
2021-02-09T15:41:29.592997359Z stderr F I0209 15:41:29.592746       1 shared_informer.go:240] Waiting for caches to sync for certificate-csrsigning-legacy-unknown
2021-02-09T15:41:29.593367246Z stderr F I0209 15:41:29.593063       1 certificate_controller.go:118] Starting certificate controller "csrsigning-kubelet-serving"
2021-02-09T15:41:29.593558027Z stderr F I0209 15:41:29.593288       1 shared_informer.go:240] Waiting for caches to sync for certificate-csrsigning-kubelet-serving
2021-02-09T15:41:29.593849573Z stderr F I0209 15:41:29.593632       1 certificate_controller.go:118] Starting certificate controller "csrsigning-kubelet-client"
2021-02-09T15:41:29.594189454Z stderr F I0209 15:41:29.593877       1 shared_informer.go:240] Waiting for caches to sync for certificate-csrsigning-kubelet-client
2021-02-09T15:41:29.594513296Z stderr F I0209 15:41:29.594244       1 certificate_controller.go:118] Starting certificate controller "csrsigning-kube-apiserver-client"
2021-02-09T15:41:29.594742743Z stderr F I0209 15:41:29.594414       1 shared_informer.go:240] Waiting for caches to sync for certificate-csrsigning-kube-apiserver-client
2021-02-09T15:41:29.594830612Z stderr F I0209 15:41:29.594677       1 dynamic_serving_content.go:130] Starting csr-controller::/etc/kubernetes/pki/ca.crt::/etc/kubernetes/pki/ca.key
2021-02-09T15:41:29.595303402Z stderr F I0209 15:41:29.595005       1 dynamic_serving_content.go:130] Starting csr-controller::/etc/kubernetes/pki/ca.crt::/etc/kubernetes/pki/ca.key
2021-02-09T15:41:29.595361269Z stderr F I0209 15:41:29.595225       1 dynamic_serving_content.go:130] Starting csr-controller::/etc/kubernetes/pki/ca.crt::/etc/kubernetes/pki/ca.key
2021-02-09T15:41:29.595516745Z stderr F I0209 15:41:29.595337       1 dynamic_serving_content.go:130] Starting csr-controller::/etc/kubernetes/pki/ca.crt::/etc/kubernetes/pki/ca.key
2021-02-09T15:41:29.610364718Z stderr F I0209 15:41:29.609537       1 node_ipam_controller.go:91] Sending events to api server.
2021-02-09T15:41:39.622529396Z stderr F I0209 15:41:39.622189       1 range_allocator.go:82] Sending events to api server.
2021-02-09T15:41:39.622657464Z stderr F I0209 15:41:39.622390       1 range_allocator.go:116] No Secondary Service CIDR provided. Skipping filtering out secondary service addresses.
2021-02-09T15:41:39.62270953Z stderr F I0209 15:41:39.622462       1 controllermanager.go:549] Started "nodeipam"
2021-02-09T15:41:39.623243655Z stderr F I0209 15:41:39.622831       1 node_ipam_controller.go:159] Starting ipam controller
2021-02-09T15:41:39.623277321Z stderr F I0209 15:41:39.622884       1 shared_informer.go:240] Waiting for caches to sync for node
2021-02-09T15:41:39.653635255Z stderr F I0209 15:41:39.653097       1 controllermanager.go:549] Started "attachdetach"
2021-02-09T15:41:39.653658079Z stderr F W0209 15:41:39.653119       1 controllermanager.go:541] Skipping "root-ca-cert-publisher"
2021-02-09T15:41:39.653669212Z stderr F W0209 15:41:39.653125       1 controllermanager.go:541] Skipping "ephemeral-volume"
2021-02-09T15:41:39.653673203Z stderr F I0209 15:41:39.653316       1 attach_detach_controller.go:322] Starting attach detach controller
2021-02-09T15:41:39.653676682Z stderr F I0209 15:41:39.653325       1 shared_informer.go:240] Waiting for caches to sync for attach detach
2021-02-09T15:41:39.683130822Z stderr F I0209 15:41:39.682693       1 controllermanager.go:549] Started "endpointslice"
2021-02-09T15:41:39.683184579Z stderr F I0209 15:41:39.683001       1 endpointslice_controller.go:237] Starting endpoint slice controller
2021-02-09T15:41:39.683210065Z stderr F I0209 15:41:39.683052       1 shared_informer.go:240] Waiting for caches to sync for endpoint_slice
2021-02-09T15:41:39.726281629Z stderr F I0209 15:41:39.725862       1 controllermanager.go:549] Started "endpointslicemirroring"
2021-02-09T15:41:39.726325491Z stderr F I0209 15:41:39.726013       1 endpointslicemirroring_controller.go:211] Starting EndpointSliceMirroring controller
2021-02-09T15:41:39.726334481Z stderr F I0209 15:41:39.726024       1 shared_informer.go:240] Waiting for caches to sync for endpoint_slice_mirroring
2021-02-09T15:41:39.761072961Z stderr F I0209 15:41:39.760525       1 controllermanager.go:549] Started "serviceaccount"
2021-02-09T15:41:39.761130929Z stderr F I0209 15:41:39.760706       1 serviceaccounts_controller.go:117] Starting service account controller
2021-02-09T15:41:39.761139276Z stderr F I0209 15:41:39.760714       1 shared_informer.go:240] Waiting for caches to sync for service account
2021-02-09T15:41:39.799650578Z stderr F I0209 15:41:39.799347       1 controllermanager.go:549] Started "disruption"
2021-02-09T15:41:39.799680842Z stderr F I0209 15:41:39.799546       1 disruption.go:331] Starting disruption controller
2021-02-09T15:41:39.799686137Z stderr F I0209 15:41:39.799584       1 shared_informer.go:240] Waiting for caches to sync for disruption
2021-02-09T15:41:39.832536839Z stderr F E0209 15:41:39.832129       1 core.go:90] Failed to start service controller: WARNING: no cloud provider provided, services of type LoadBalancer will fail
2021-02-09T15:41:39.832611946Z stderr F W0209 15:41:39.832196       1 controllermanager.go:541] Skipping "service"
2021-02-09T15:41:40.029083139Z stderr F I0209 15:41:40.028533       1 controllermanager.go:549] Started "replicationcontroller"
2021-02-09T15:41:40.029114428Z stderr F I0209 15:41:40.028609       1 replica_set.go:182] Starting replicationcontroller controller
2021-02-09T15:41:40.029120079Z stderr F I0209 15:41:40.028622       1 shared_informer.go:240] Waiting for caches to sync for ReplicationController
2021-02-09T15:41:40.428034407Z stderr F I0209 15:41:40.427472       1 garbagecollector.go:128] Starting garbage collector controller
2021-02-09T15:41:40.428070216Z stderr F I0209 15:41:40.427580       1 shared_informer.go:240] Waiting for caches to sync for garbage collector
2021-02-09T15:41:40.428075395Z stderr F I0209 15:41:40.427495       1 controllermanager.go:549] Started "garbagecollector"
2021-02-09T15:41:40.428080035Z stderr F W0209 15:41:40.427614       1 controllermanager.go:541] Skipping "ttl-after-finished"
2021-02-09T15:41:40.428083743Z stderr F I0209 15:41:40.427826       1 graph_builder.go:282] GraphBuilder running
2021-02-09T15:41:40.687604495Z stderr F I0209 15:41:40.687293       1 controllermanager.go:549] Started "namespace"
2021-02-09T15:41:40.687639106Z stderr F I0209 15:41:40.687378       1 namespace_controller.go:200] Starting namespace controller
2021-02-09T15:41:40.687646252Z stderr F I0209 15:41:40.687386       1 shared_informer.go:240] Waiting for caches to sync for namespace
2021-02-09T15:41:40.826821108Z stderr F I0209 15:41:40.826477       1 controllermanager.go:549] Started "csrapproving"
2021-02-09T15:41:40.826860352Z stderr F I0209 15:41:40.826597       1 certificate_controller.go:118] Starting certificate controller "csrapproving"
2021-02-09T15:41:40.826869393Z stderr F I0209 15:41:40.826612       1 shared_informer.go:240] Waiting for caches to sync for certificate-csrapproving
2021-02-09T15:41:41.076634475Z stderr F I0209 15:41:41.076410       1 controllermanager.go:549] Started "persistentvolume-binder"
2021-02-09T15:41:41.07709022Z stderr F I0209 15:41:41.076469       1 pv_controller_base.go:303] Starting persistent volume controller
2021-02-09T15:41:41.077171789Z stderr F I0209 15:41:41.077132       1 shared_informer.go:240] Waiting for caches to sync for persistent volume
2021-02-09T15:41:41.32633126Z stderr F I0209 15:41:41.326103       1 controllermanager.go:549] Started "clusterrole-aggregation"
2021-02-09T15:41:41.326811194Z stderr F I0209 15:41:41.326220       1 clusterroleaggregation_controller.go:149] Starting ClusterRoleAggregator
2021-02-09T15:41:41.326849222Z stderr F I0209 15:41:41.326612       1 shared_informer.go:240] Waiting for caches to sync for ClusterRoleAggregator
2021-02-09T15:41:41.578172Z stderr F I0209 15:41:41.577916       1 controllermanager.go:549] Started "cronjob"
2021-02-09T15:41:41.578209651Z stderr F I0209 15:41:41.578000       1 cronjob_controller.go:96] Starting CronJob Manager
2021-02-09T15:41:41.726403396Z stderr F I0209 15:41:41.726027       1 node_lifecycle_controller.go:380] Sending events to api server.
2021-02-09T15:41:41.727175875Z stderr F I0209 15:41:41.726888       1 taint_manager.go:163] Sending events to api server.
2021-02-09T15:41:41.727625449Z stderr F I0209 15:41:41.727260       1 node_lifecycle_controller.go:508] Controller will reconcile labels.
2021-02-09T15:41:41.727683207Z stderr F I0209 15:41:41.727368       1 controllermanager.go:549] Started "nodelifecycle"
2021-02-09T15:41:41.72816247Z stderr F I0209 15:41:41.727677       1 node_lifecycle_controller.go:542] Starting node controller
2021-02-09T15:41:41.728183855Z stderr F I0209 15:41:41.727792       1 shared_informer.go:240] Waiting for caches to sync for taint
2021-02-09T15:41:41.977381749Z stderr F I0209 15:41:41.976826       1 controllermanager.go:549] Started "persistentvolume-expander"
2021-02-09T15:41:41.977451772Z stderr F I0209 15:41:41.976883       1 expand_controller.go:319] Starting expand controller
2021-02-09T15:41:41.977525036Z stderr F I0209 15:41:41.977239       1 shared_informer.go:240] Waiting for caches to sync for expand
2021-02-09T15:41:42.226003255Z stderr F I0209 15:41:42.225637       1 controllermanager.go:549] Started "pv-protection"
2021-02-09T15:41:42.226087736Z stderr F I0209 15:41:42.225749       1 pv_protection_controller.go:83] Starting PV protection controller
2021-02-09T15:41:42.226099265Z stderr F I0209 15:41:42.225764       1 shared_informer.go:240] Waiting for caches to sync for PV protection
2021-02-09T15:41:42.479080333Z stderr F I0209 15:41:42.478672       1 controllermanager.go:549] Started "deployment"
2021-02-09T15:41:42.479153053Z stderr F I0209 15:41:42.478714       1 deployment_controller.go:153] Starting deployment controller
2021-02-09T15:41:42.479183542Z stderr F I0209 15:41:42.478835       1 shared_informer.go:240] Waiting for caches to sync for deployment
2021-02-09T15:41:42.72639614Z stderr F I0209 15:41:42.725899       1 controllermanager.go:549] Started "replicaset"
2021-02-09T15:41:42.726473035Z stderr F I0209 15:41:42.726052       1 replica_set.go:182] Starting replicaset controller
2021-02-09T15:41:42.726690909Z stderr F I0209 15:41:42.726498       1 shared_informer.go:240] Waiting for caches to sync for ReplicaSet
2021-02-09T15:41:43.425650278Z stderr F I0209 15:41:43.425305       1 controllermanager.go:549] Started "horizontalpodautoscaling"
2021-02-09T15:41:43.425703228Z stderr F I0209 15:41:43.425360       1 horizontal.go:169] Starting HPA controller
2021-02-09T15:41:43.42571043Z stderr F I0209 15:41:43.425373       1 shared_informer.go:240] Waiting for caches to sync for HPA
2021-02-09T15:41:43.57684064Z stderr F I0209 15:41:43.576538       1 controllermanager.go:549] Started "csrcleaner"
2021-02-09T15:41:43.576876948Z stderr F W0209 15:41:43.576567       1 core.go:244] configure-cloud-routes is set, but no cloud provider specified. Will not configure cloud provider routes.
2021-02-09T15:41:43.576885287Z stderr F W0209 15:41:43.576577       1 controllermanager.go:541] Skipping "route"
2021-02-09T15:41:43.576899724Z stderr F I0209 15:41:43.576642       1 cleaner.go:83] Starting CSR cleaner controller
2021-02-09T15:41:43.826552098Z stderr F I0209 15:41:43.826153       1 controllermanager.go:549] Started "pvc-protection"
2021-02-09T15:41:43.826585935Z stderr F I0209 15:41:43.826256       1 pvc_protection_controller.go:110] Starting PVC protection controller
2021-02-09T15:41:43.826596368Z stderr F I0209 15:41:43.826270       1 shared_informer.go:240] Waiting for caches to sync for PVC protection
2021-02-09T15:41:44.077190294Z stderr F I0209 15:41:44.076773       1 controllermanager.go:549] Started "endpoint"
2021-02-09T15:41:44.077230182Z stderr F I0209 15:41:44.076856       1 endpoints_controller.go:184] Starting endpoint controller
2021-02-09T15:41:44.07723955Z stderr F I0209 15:41:44.076871       1 shared_informer.go:240] Waiting for caches to sync for endpoint
2021-02-09T15:41:44.327418036Z stderr F I0209 15:41:44.327004       1 controllermanager.go:549] Started "podgc"
2021-02-09T15:41:44.327463795Z stderr F I0209 15:41:44.327177       1 gc_controller.go:89] Starting GC controller
2021-02-09T15:41:44.327476801Z stderr F I0209 15:41:44.327186       1 shared_informer.go:240] Waiting for caches to sync for GC
2021-02-09T15:41:44.934414591Z stderr F I0209 15:41:44.933731       1 resource_quota_monitor.go:228] QuotaMonitor created object count evaluator for statefulsets.apps
2021-02-09T15:41:44.934482786Z stderr F I0209 15:41:44.933933       1 resource_quota_monitor.go:228] QuotaMonitor created object count evaluator for replicasets.apps
2021-02-09T15:41:44.934493879Z stderr F I0209 15:41:44.934163       1 resource_quota_monitor.go:228] QuotaMonitor created object count evaluator for poddisruptionbudgets.policy
2021-02-09T15:41:44.934500922Z stderr F W0209 15:41:44.934190       1 shared_informer.go:494] resyncPeriod 57089686641335 is smaller than resyncCheckPeriod 83270484826140 and the informer has already started. Changing it to 83270484826140
2021-02-09T15:41:44.935522343Z stderr F I0209 15:41:44.935053       1 resource_quota_monitor.go:228] QuotaMonitor created object count evaluator for daemonsets.apps
2021-02-09T15:41:44.935564343Z stderr F I0209 15:41:44.935141       1 resource_quota_monitor.go:228] QuotaMonitor created object count evaluator for horizontalpodautoscalers.autoscaling
2021-02-09T15:41:44.935583096Z stderr F I0209 15:41:44.935227       1 resource_quota_monitor.go:228] QuotaMonitor created object count evaluator for networkpolicies.networking.k8s.io
2021-02-09T15:41:44.935589946Z stderr F W0209 15:41:44.935245       1 shared_informer.go:494] resyncPeriod 65692860793608 is smaller than resyncCheckPeriod 83270484826140 and the informer has already started. Changing it to 83270484826140
2021-02-09T15:41:44.935645993Z stderr F I0209 15:41:44.935462       1 resource_quota_monitor.go:228] QuotaMonitor created object count evaluator for serviceaccounts
2021-02-09T15:41:44.935739821Z stderr F I0209 15:41:44.935572       1 resource_quota_monitor.go:228] QuotaMonitor created object count evaluator for limitranges
2021-02-09T15:41:44.935810531Z stderr F I0209 15:41:44.935662       1 resource_quota_monitor.go:228] QuotaMonitor created object count evaluator for podtemplates
2021-02-09T15:41:44.935920763Z stderr F I0209 15:41:44.935778       1 resource_quota_monitor.go:228] QuotaMonitor created object count evaluator for endpointslices.discovery.k8s.io
2021-02-09T15:41:44.935936769Z stderr F I0209 15:41:44.935881       1 resource_quota_monitor.go:228] QuotaMonitor created object count evaluator for cronjobs.batch
2021-02-09T15:41:44.9361043Z stderr F I0209 15:41:44.935908       1 resource_quota_monitor.go:228] QuotaMonitor created object count evaluator for leases.coordination.k8s.io
2021-02-09T15:41:44.936255316Z stderr F I0209 15:41:44.936044       1 resource_quota_monitor.go:228] QuotaMonitor created object count evaluator for endpoints
2021-02-09T15:41:44.936271363Z stderr F I0209 15:41:44.936190       1 resource_quota_monitor.go:228] QuotaMonitor created object count evaluator for deployments.apps
2021-02-09T15:41:44.936735363Z stderr F I0209 15:41:44.936367       1 resource_quota_monitor.go:228] QuotaMonitor created object count evaluator for roles.rbac.authorization.k8s.io
2021-02-09T15:41:44.93760105Z stderr F I0209 15:41:44.937197       1 resource_quota_monitor.go:228] QuotaMonitor created object count evaluator for ingresses.networking.k8s.io
2021-02-09T15:41:44.937627551Z stderr F I0209 15:41:44.937287       1 resource_quota_monitor.go:228] QuotaMonitor created object count evaluator for rolebindings.rbac.authorization.k8s.io
2021-02-09T15:41:44.937796311Z stderr F I0209 15:41:44.937312       1 resource_quota_monitor.go:228] QuotaMonitor created object count evaluator for events.events.k8s.io
2021-02-09T15:41:44.937814409Z stderr F I0209 15:41:44.937327       1 resource_quota_monitor.go:228] QuotaMonitor created object count evaluator for controllerrevisions.apps
2021-02-09T15:41:44.937829274Z stderr F I0209 15:41:44.937348       1 resource_quota_monitor.go:228] QuotaMonitor created object count evaluator for jobs.batch
2021-02-09T15:41:44.937836943Z stderr F I0209 15:41:44.937371       1 resource_quota_monitor.go:228] QuotaMonitor created object count evaluator for ingresses.extensions
2021-02-09T15:41:44.937843022Z stderr F I0209 15:41:44.937426       1 controllermanager.go:549] Started "resourcequota"
2021-02-09T15:41:44.937900192Z stderr F I0209 15:41:44.937599       1 resource_quota_controller.go:272] Starting resource quota controller
2021-02-09T15:41:44.937913376Z stderr F I0209 15:41:44.937615       1 shared_informer.go:240] Waiting for caches to sync for resource quota
2021-02-09T15:41:44.937920736Z stderr F I0209 15:41:44.937651       1 resource_quota_monitor.go:303] QuotaMonitor running
2021-02-09T15:41:44.967629818Z stderr F I0209 15:41:44.967335       1 controllermanager.go:549] Started "daemonset"
2021-02-09T15:41:44.967660881Z stderr F I0209 15:41:44.967498       1 daemon_controller.go:285] Starting daemon sets controller
2021-02-09T15:41:44.967669823Z stderr F I0209 15:41:44.967505       1 shared_informer.go:240] Waiting for caches to sync for daemon sets
2021-02-09T15:41:45.077342302Z stderr F I0209 15:41:45.077029       1 controllermanager.go:549] Started "ttl"
2021-02-09T15:41:45.077385667Z stderr F I0209 15:41:45.077254       1 ttl_controller.go:118] Starting TTL controller
2021-02-09T15:41:45.077392758Z stderr F I0209 15:41:45.077293       1 shared_informer.go:240] Waiting for caches to sync for TTL
2021-02-09T15:41:45.083603216Z stderr F W0209 15:41:45.083375       1 actual_state_of_world.go:506] Failed to update statusUpdateNeeded field in actual state of world: Failed to set statusUpdateNeeded to needed true, because nodeName="kind-control-plane" does not exist
2021-02-09T15:41:45.123343605Z stderr F I0209 15:41:45.123067       1 shared_informer.go:247] Caches are synced for node 
2021-02-09T15:41:45.123371376Z stderr F I0209 15:41:45.123129       1 range_allocator.go:172] Starting range CIDR allocator
2021-02-09T15:41:45.123375861Z stderr F I0209 15:41:45.123135       1 shared_informer.go:240] Waiting for caches to sync for cidrallocator
2021-02-09T15:41:45.123380221Z stderr F I0209 15:41:45.123139       1 shared_informer.go:247] Caches are synced for cidrallocator 
2021-02-09T15:41:45.126256292Z stderr F I0209 15:41:45.125935       1 shared_informer.go:247] Caches are synced for PV protection 
2021-02-09T15:41:45.12629723Z stderr F I0209 15:41:45.126104       1 shared_informer.go:247] Caches are synced for endpoint_slice_mirroring 
2021-02-09T15:41:45.127295215Z stderr F I0209 15:41:45.126833       1 shared_informer.go:247] Caches are synced for ClusterRoleAggregator 
2021-02-09T15:41:45.129564846Z stderr F I0209 15:41:45.129215       1 shared_informer.go:247] Caches are synced for certificate-csrapproving 
2021-02-09T15:41:45.13118318Z stderr F I0209 15:41:45.130857       1 shared_informer.go:247] Caches are synced for bootstrap_signer 
2021-02-09T15:41:45.133469948Z stderr F I0209 15:41:45.133077       1 range_allocator.go:373] Set node kind-control-plane PodCIDR to [10.244.0.0/24]
2021-02-09T15:41:45.151195275Z stderr F E0209 15:41:45.150847       1 clusterroleaggregation_controller.go:181] admin failed with : Operation cannot be fulfilled on clusterroles.rbac.authorization.k8s.io "admin": the object has been modified; please apply your changes to the latest version and try again
2021-02-09T15:41:45.151916073Z stderr F E0209 15:41:45.151606       1 clusterroleaggregation_controller.go:181] edit failed with : Operation cannot be fulfilled on clusterroles.rbac.authorization.k8s.io "edit": the object has been modified; please apply your changes to the latest version and try again
2021-02-09T15:41:45.161492881Z stderr F I0209 15:41:45.160894       1 shared_informer.go:247] Caches are synced for service account 
2021-02-09T15:41:45.177994091Z stderr F I0209 15:41:45.177533       1 shared_informer.go:247] Caches are synced for expand 
2021-02-09T15:41:45.186870675Z stderr F I0209 15:41:45.186445       1 shared_informer.go:247] Caches are synced for TTL 
2021-02-09T15:41:45.188004863Z stderr F I0209 15:41:45.187668       1 shared_informer.go:247] Caches are synced for namespace 
2021-02-09T15:41:45.194094803Z stderr F I0209 15:41:45.193336       1 shared_informer.go:247] Caches are synced for certificate-csrsigning-legacy-unknown 
2021-02-09T15:41:45.194134596Z stderr F I0209 15:41:45.193502       1 shared_informer.go:247] Caches are synced for certificate-csrsigning-kubelet-serving 
2021-02-09T15:41:45.195393716Z stderr F I0209 15:41:45.194894       1 shared_informer.go:247] Caches are synced for certificate-csrsigning-kube-apiserver-client 
2021-02-09T15:41:45.195429011Z stderr F I0209 15:41:45.195057       1 shared_informer.go:247] Caches are synced for certificate-csrsigning-kubelet-client 
2021-02-09T15:41:45.338251577Z stderr F I0209 15:41:45.338083       1 shared_informer.go:247] Caches are synced for resource quota 
2021-02-09T15:41:45.353896467Z stderr F I0209 15:41:45.353564       1 shared_informer.go:247] Caches are synced for attach detach 
2021-02-09T15:41:45.359167098Z stderr F I0209 15:41:45.358875       1 shared_informer.go:247] Caches are synced for stateful set 
2021-02-09T15:41:45.369056925Z stderr F I0209 15:41:45.368523       1 shared_informer.go:247] Caches are synced for daemon sets 
2021-02-09T15:41:45.377245544Z stderr F I0209 15:41:45.376992       1 shared_informer.go:247] Caches are synced for endpoint 
2021-02-09T15:41:45.377593567Z stderr F I0209 15:41:45.377365       1 shared_informer.go:247] Caches are synced for persistent volume 
2021-02-09T15:41:45.380043185Z stderr F I0209 15:41:45.379589       1 shared_informer.go:247] Caches are synced for deployment 
2021-02-09T15:41:45.384437952Z stderr F I0209 15:41:45.383787       1 shared_informer.go:247] Caches are synced for endpoint_slice 
2021-02-09T15:41:45.386677986Z stderr F I0209 15:41:45.386157       1 shared_informer.go:247] Caches are synced for job 
2021-02-09T15:41:45.400831572Z stderr F I0209 15:41:45.400382       1 shared_informer.go:247] Caches are synced for disruption 
2021-02-09T15:41:45.401147702Z stderr F I0209 15:41:45.400751       1 event.go:291] "Event occurred" object="kube-system/coredns" kind="Deployment" apiVersion="apps/v1" type="Normal" reason="ScalingReplicaSet" message="Scaled up replica set coredns-f9fd979d6 to 2"
2021-02-09T15:41:45.401672419Z stderr F I0209 15:41:45.401198       1 disruption.go:339] Sending events to api server.
2021-02-09T15:41:45.412631012Z stderr F I0209 15:41:45.411747       1 event.go:291] "Event occurred" object="local-path-storage/local-path-provisioner" kind="Deployment" apiVersion="apps/v1" type="Normal" reason="ScalingReplicaSet" message="Scaled up replica set local-path-provisioner-78776bfc44 to 1"
2021-02-09T15:41:45.418239662Z stderr F I0209 15:41:45.417962       1 event.go:291] "Event occurred" object="kube-system/kube-proxy" kind="DaemonSet" apiVersion="apps/v1" type="Normal" reason="SuccessfulCreate" message="Created pod: kube-proxy-ph8xs"
2021-02-09T15:41:45.426974353Z stderr F I0209 15:41:45.426606       1 shared_informer.go:247] Caches are synced for HPA 
2021-02-09T15:41:45.427055984Z stderr F I0209 15:41:45.426668       1 shared_informer.go:247] Caches are synced for PVC protection 
2021-02-09T15:41:45.427309011Z stderr F I0209 15:41:45.426862       1 shared_informer.go:247] Caches are synced for ReplicaSet 
2021-02-09T15:41:45.427744685Z stderr F I0209 15:41:45.427344       1 shared_informer.go:247] Caches are synced for GC 
2021-02-09T15:41:45.428335428Z stderr F I0209 15:41:45.428001       1 shared_informer.go:247] Caches are synced for taint 
2021-02-09T15:41:45.428569816Z stderr F I0209 15:41:45.428175       1 node_lifecycle_controller.go:1429] Initializing eviction metric for zone: 
2021-02-09T15:41:45.428758186Z stderr F W0209 15:41:45.428465       1 node_lifecycle_controller.go:1044] Missing timestamp for Node kind-control-plane. Assuming now as a timestamp.
2021-02-09T15:41:45.428842895Z stderr F I0209 15:41:45.428624       1 node_lifecycle_controller.go:1195] Controller detected that all Nodes are not-Ready. Entering master disruption mode.
2021-02-09T15:41:45.429163832Z stderr F I0209 15:41:45.428791       1 event.go:291] "Event occurred" object="kind-control-plane" kind="Node" apiVersion="v1" type="Normal" reason="RegisteredNode" message="Node kind-control-plane event: Registered Node kind-control-plane in Controller"
2021-02-09T15:41:45.429738733Z stderr F I0209 15:41:45.429240       1 taint_manager.go:187] Starting NoExecuteTaintManager
2021-02-09T15:41:45.429772433Z stderr F I0209 15:41:45.429387       1 shared_informer.go:247] Caches are synced for ReplicationController 
2021-02-09T15:41:45.441085914Z stderr F I0209 15:41:45.440626       1 event.go:291] "Event occurred" object="kube-system/kindnet" kind="DaemonSet" apiVersion="apps/v1" type="Normal" reason="SuccessfulCreate" message="Created pod: kindnet-swgm5"
2021-02-09T15:41:45.46622644Z stderr F I0209 15:41:45.465495       1 shared_informer.go:240] Waiting for caches to sync for garbage collector
2021-02-09T15:41:45.475455388Z stderr F I0209 15:41:45.471302       1 event.go:291] "Event occurred" object="kube-system/kube-apiserver-kind-control-plane" kind="Pod" apiVersion="v1" type="Warning" reason="NodeNotReady" message="Node is not ready"
2021-02-09T15:41:45.475501245Z stderr F I0209 15:41:45.472134       1 event.go:291] "Event occurred" object="kube-system/coredns-f9fd979d6" kind="ReplicaSet" apiVersion="apps/v1" type="Normal" reason="SuccessfulCreate" message="Created pod: coredns-f9fd979d6-w4jqw"
2021-02-09T15:41:45.509388131Z stderr F I0209 15:41:45.507566       1 event.go:291] "Event occurred" object="kube-system/coredns-f9fd979d6" kind="ReplicaSet" apiVersion="apps/v1" type="Normal" reason="SuccessfulCreate" message="Created pod: coredns-f9fd979d6-bsj2w"
2021-02-09T15:41:45.509427156Z stderr F I0209 15:41:45.507637       1 event.go:291] "Event occurred" object="local-path-storage/local-path-provisioner-78776bfc44" kind="ReplicaSet" apiVersion="apps/v1" type="Normal" reason="SuccessfulCreate" message="Created pod: local-path-provisioner-78776bfc44-6j4mp"
2021-02-09T15:41:45.537156526Z stderr F E0209 15:41:45.536773       1 daemon_controller.go:320] kube-system/kube-proxy failed with : error storing status for daemon set &v1.DaemonSet{TypeMeta:v1.TypeMeta{Kind:"", APIVersion:""}, ObjectMeta:v1.ObjectMeta{Name:"kube-proxy", GenerateName:"", Namespace:"kube-system", SelfLink:"/apis/apps/v1/namespaces/kube-system/daemonsets/kube-proxy", UID:"0823b7c3-b5aa-4d68-a295-e99ab9fef72f", ResourceVersion:"221", Generation:1, CreationTimestamp:v1.Time{Time:time.Time{wall:0x0, ext:63748482089, loc:(*time.Location)(0x3919980)}}, DeletionTimestamp:(*v1.Time)(nil), DeletionGracePeriodSeconds:(*int64)(nil), Labels:map[string]string{"k8s-app":"kube-proxy"}, Annotations:map[string]string{"deprecated.daemonset.template.generation":"1"}, OwnerReferences:[]v1.OwnerReference(nil), Finalizers:[]string(nil), ClusterName:"", ManagedFields:[]v1.ManagedFieldsEntry{v1.ManagedFieldsEntry{Manager:"kubeadm", Operation:"Update", APIVersion:"apps/v1", Time:(*v1.Time)(0xc000614320), FieldsType:"FieldsV1", FieldsV1:(*v1.FieldsV1)(0xc000614340)}}}, Spec:v1.DaemonSetSpec{Selector:(*v1.LabelSelector)(0xc000614360), Template:v1.PodTemplateSpec{ObjectMeta:v1.ObjectMeta{Name:"", GenerateName:"", Namespace:"", SelfLink:"", UID:"", ResourceVersion:"", Generation:0, CreationTimestamp:v1.Time{Time:time.Time{wall:0x0, ext:0, loc:(*time.Location)(nil)}}, DeletionTimestamp:(*v1.Time)(nil), DeletionGracePeriodSeconds:(*int64)(nil), Labels:map[string]string{"k8s-app":"kube-proxy"}, Annotations:map[string]string(nil), OwnerReferences:[]v1.OwnerReference(nil), Finalizers:[]string(nil), ClusterName:"", ManagedFields:[]v1.ManagedFieldsEntry(nil)}, Spec:v1.PodSpec{Volumes:[]v1.Volume{v1.Volume{Name:"kube-proxy", VolumeSource:v1.VolumeSource{HostPath:(*v1.HostPathVolumeSource)(nil), EmptyDir:(*v1.EmptyDirVolumeSource)(nil), GCEPersistentDisk:(*v1.GCEPersistentDiskVolumeSource)(nil), AWSElasticBlockStore:(*v1.AWSElasticBlockStoreVolumeSource)(nil), GitRepo:(*v1.GitRepoVolumeSource)(nil), Secret:(*v1.SecretVolumeSource)(nil), NFS:(*v1.NFSVolumeSource)(nil), ISCSI:(*v1.ISCSIVolumeSource)(nil), Glusterfs:(*v1.GlusterfsVolumeSource)(nil), PersistentVolumeClaim:(*v1.PersistentVolumeClaimVolumeSource)(nil), RBD:(*v1.RBDVolumeSource)(nil), FlexVolume:(*v1.FlexVolumeSource)(nil), Cinder:(*v1.CinderVolumeSource)(nil), CephFS:(*v1.CephFSVolumeSource)(nil), Flocker:(*v1.FlockerVolumeSource)(nil), DownwardAPI:(*v1.DownwardAPIVolumeSource)(nil), FC:(*v1.FCVolumeSource)(nil), AzureFile:(*v1.AzureFileVolumeSource)(nil), ConfigMap:(*v1.ConfigMapVolumeSource)(0xc00117b600), VsphereVolume:(*v1.VsphereVirtualDiskVolumeSource)(nil), Quobyte:(*v1.QuobyteVolumeSource)(nil), AzureDisk:(*v1.AzureDiskVolumeSource)(nil), PhotonPersistentDisk:(*v1.PhotonPersistentDiskVolumeSource)(nil), Projected:(*v1.ProjectedVolumeSource)(nil), PortworxVolume:(*v1.PortworxVolumeSource)(nil), ScaleIO:(*v1.ScaleIOVolumeSource)(nil), StorageOS:(*v1.StorageOSVolumeSource)(nil), CSI:(*v1.CSIVolumeSource)(nil), Ephemeral:(*v1.EphemeralVolumeSource)(nil)}}, v1.Volume{Name:"xtables-lock", VolumeSource:v1.VolumeSource{HostPath:(*v1.HostPathVolumeSource)(0xc000614380), EmptyDir:(*v1.EmptyDirVolumeSource)(nil), GCEPersistentDisk:(*v1.GCEPersistentDiskVolumeSource)(nil), AWSElasticBlockStore:(*v1.AWSElasticBlockStoreVolumeSource)(nil), GitRepo:(*v1.GitRepoVolumeSource)(nil), Secret:(*v1.SecretVolumeSource)(nil), NFS:(*v1.NFSVolumeSource)(nil), ISCSI:(*v1.ISCSIVolumeSource)(nil), Glusterfs:(*v1.GlusterfsVolumeSource)(nil), PersistentVolumeClaim:(*v1.PersistentVolumeClaimVolumeSource)(nil), RBD:(*v1.RBDVolumeSource)(nil), FlexVolume:(*v1.FlexVolumeSource)(nil), Cinder:(*v1.CinderVolumeSource)(nil), CephFS:(*v1.CephFSVolumeSource)(nil), Flocker:(*v1.FlockerVolumeSource)(nil), DownwardAPI:(*v1.DownwardAPIVolumeSource)(nil), FC:(*v1.FCVolumeSource)(nil), AzureFile:(*v1.AzureFileVolumeSource)(nil), ConfigMap:(*v1.ConfigMapVolumeSource)(nil), VsphereVolume:(*v1.VsphereVirtualDiskVolumeSource)(nil), Quobyte:(*v1.QuobyteVolumeSource)(nil), AzureDisk:(*v1.AzureDiskVolumeSource)(nil), PhotonPersistentDisk:(*v1.PhotonPersistentDiskVolumeSource)(nil), Projected:(*v1.ProjectedVolumeSource)(nil), PortworxVolume:(*v1.PortworxVolumeSource)(nil), ScaleIO:(*v1.ScaleIOVolumeSource)(nil), StorageOS:(*v1.StorageOSVolumeSource)(nil), CSI:(*v1.CSIVolumeSource)(nil), Ephemeral:(*v1.EphemeralVolumeSource)(nil)}}, v1.Volume{Name:"lib-modules", VolumeSource:v1.VolumeSource{HostPath:(*v1.HostPathVolumeSource)(0xc0006143c0), EmptyDir:(*v1.EmptyDirVolumeSource)(nil), GCEPersistentDisk:(*v1.GCEPersistentDiskVolumeSource)(nil), AWSElasticBlockStore:(*v1.AWSElasticBlockStoreVolumeSource)(nil), GitRepo:(*v1.GitRepoVolumeSource)(nil), Secret:(*v1.SecretVolumeSource)(nil), NFS:(*v1.NFSVolumeSource)(nil), ISCSI:(*v1.ISCSIVolumeSource)(nil), Glusterfs:(*v1.GlusterfsVolumeSource)(nil), PersistentVolumeClaim:(*v1.PersistentVolumeClaimVolumeSource)(nil), RBD:(*v1.RBDVolumeSource)(nil), FlexVolume:(*v1.FlexVolumeSource)(nil), Cinder:(*v1.CinderVolumeSource)(nil), CephFS:(*v1.CephFSVolumeSource)(nil), Flocker:(*v1.FlockerVolumeSource)(nil), DownwardAPI:(*v1.DownwardAPIVolumeSource)(nil), FC:(*v1.FCVolumeSource)(nil), AzureFile:(*v1.AzureFileVolumeSource)(nil), ConfigMap:(*v1.ConfigMapVolumeSource)(nil), VsphereVolume:(*v1.VsphereVirtualDiskVolumeSource)(nil), Quobyte:(*v1.QuobyteVolumeSource)(nil), AzureDisk:(*v1.AzureDiskVolumeSource)(nil), PhotonPersistentDisk:(*v1.PhotonPersistentDiskVolumeSource)(nil), Projected:(*v1.ProjectedVolumeSource)(nil), PortworxVolume:(*v1.PortworxVolumeSource)(nil), ScaleIO:(*v1.ScaleIOVolumeSource)(nil), StorageOS:(*v1.StorageOSVolumeSource)(nil), CSI:(*v1.CSIVolumeSource)(nil), Ephemeral:(*v1.EphemeralVolumeSource)(nil)}}}, InitContainers:[]v1.Container(nil), Containers:[]v1.Container{v1.Container{Name:"kube-proxy", Image:"k8s.gcr.io/kube-proxy:v1.19.1", Command:[]string{"/usr/local/bin/kube-proxy", "--config=/var/lib/kube-proxy/config.conf", "--hostname-override=$(NODE_NAME)"}, Args:[]string(nil), WorkingDir:"", Ports:[]v1.ContainerPort(nil), EnvFrom:[]v1.EnvFromSource(nil), Env:[]v1.EnvVar{v1.EnvVar{Name:"NODE_NAME", Value:"", ValueFrom:(*v1.EnvVarSource)(0xc000614420)}}, Resources:v1.ResourceRequirements{Limits:v1.ResourceList(nil), Requests:v1.ResourceList(nil)}, VolumeMounts:[]v1.VolumeMount{v1.VolumeMount{Name:"kube-proxy", ReadOnly:false, MountPath:"/var/lib/kube-proxy", SubPath:"", MountPropagation:(*v1.MountPropagationMode)(nil), SubPathExpr:""}, v1.VolumeMount{Name:"xtables-lock", ReadOnly:false, MountPath:"/run/xtables.lock", SubPath:"", MountPropagation:(*v1.MountPropagationMode)(nil), SubPathExpr:""}, v1.VolumeMount{Name:"lib-modules", ReadOnly:true, MountPath:"/lib/modules", SubPath:"", MountPropagation:(*v1.MountPropagationMode)(nil), SubPathExpr:""}}, VolumeDevices:[]v1.VolumeDevice(nil), LivenessProbe:(*v1.Probe)(nil), ReadinessProbe:(*v1.Probe)(nil), StartupProbe:(*v1.Probe)(nil), Lifecycle:(*v1.Lifecycle)(nil), TerminationMessagePath:"/dev/termination-log", TerminationMessagePolicy:"File", ImagePullPolicy:"IfNotPresent", SecurityContext:(*v1.SecurityContext)(0xc000bcb7a0), Stdin:false, StdinOnce:false, TTY:false}}, EphemeralContainers:[]v1.EphemeralContainer(nil), RestartPolicy:"Always", TerminationGracePeriodSeconds:(*int64)(0xc000c5a588), ActiveDeadlineSeconds:(*int64)(nil), DNSPolicy:"ClusterFirst", NodeSelector:map[string]string{"kubernetes.io/os":"linux"}, ServiceAccountName:"kube-proxy", DeprecatedServiceAccount:"kube-proxy", AutomountServiceAccountToken:(*bool)(nil), NodeName:"", HostNetwork:true, HostPID:false, HostIPC:false, ShareProcessNamespace:(*bool)(nil), SecurityContext:(*v1.PodSecurityContext)(0xc000946690), ImagePullSecrets:[]v1.LocalObjectReference(nil), Hostname:"", Subdomain:"", Affinity:(*v1.Affinity)(nil), SchedulerName:"default-scheduler", Tolerations:[]v1.Toleration{v1.Toleration{Key:"CriticalAddonsOnly", Operator:"Exists", Value:"", Effect:"", TolerationSeconds:(*int64)(nil)}, v1.Toleration{Key:"", Operator:"Exists", Value:"", Effect:"", TolerationSeconds:(*int64)(nil)}}, HostAliases:[]v1.HostAlias(nil), PriorityClassName:"system-node-critical", Priority:(*int32)(nil), DNSConfig:(*v1.PodDNSConfig)(nil), ReadinessGates:[]v1.PodReadinessGate(nil), RuntimeClassName:(*string)(nil), EnableServiceLinks:(*bool)(nil), PreemptionPolicy:(*v1.PreemptionPolicy)(nil), Overhead:v1.ResourceList(nil), TopologySpreadConstraints:[]v1.TopologySpreadConstraint(nil), SetHostnameAsFQDN:(*bool)(nil)}}, UpdateStrategy:v1.DaemonSetUpdateStrategy{Type:"RollingUpdate", RollingUpdate:(*v1.RollingUpdateDaemonSet)(0xc000286ae0)}, MinReadySeconds:0, RevisionHistoryLimit:(*int32)(0xc000c5a5d8)}, Status:v1.DaemonSetStatus{CurrentNumberScheduled:0, NumberMisscheduled:0, DesiredNumberScheduled:0, NumberReady:0, ObservedGeneration:0, UpdatedNumberScheduled:0, NumberAvailable:0, NumberUnavailable:0, CollisionCount:(*int32)(nil), Conditions:[]v1.DaemonSetCondition(nil)}}: Operation cannot be fulfilled on daemonsets.apps "kube-proxy": the object has been modified; please apply your changes to the latest version and try again
2021-02-09T15:41:45.613223077Z stderr F I0209 15:41:45.612745       1 event.go:291] "Event occurred" object="kuttl-test-firm-molly/example-deployment" kind="Deployment" apiVersion="apps/v1" type="Normal" reason="ScalingReplicaSet" message="Scaled up replica set example-deployment-585449566 to 3"
2021-02-09T15:41:45.647191646Z stderr F I0209 15:41:45.643228       1 event.go:291] "Event occurred" object="kuttl-test-firm-molly/example-deployment-585449566" kind="ReplicaSet" apiVersion="apps/v1" type="Normal" reason="SuccessfulCreate" message="Created pod: example-deployment-585449566-rg5qm"
2021-02-09T15:41:45.691441699Z stderr F I0209 15:41:45.690913       1 event.go:291] "Event occurred" object="kuttl-test-firm-molly/example-deployment-585449566" kind="ReplicaSet" apiVersion="apps/v1" type="Normal" reason="SuccessfulCreate" message="Created pod: example-deployment-585449566-ncm65"
2021-02-09T15:41:45.699376419Z stderr F I0209 15:41:45.699095       1 event.go:291] "Event occurred" object="kuttl-test-firm-molly/example-deployment-585449566" kind="ReplicaSet" apiVersion="apps/v1" type="Normal" reason="SuccessfulCreate" message="Created pod: example-deployment-585449566-47p7k"
2021-02-09T15:41:45.728228297Z stderr F I0209 15:41:45.727794       1 shared_informer.go:247] Caches are synced for garbage collector 
2021-02-09T15:41:45.728277019Z stderr F I0209 15:41:45.727927       1 garbagecollector.go:137] Garbage collector: all resource monitors have synced. Proceeding to collect garbage
2021-02-09T15:41:45.766759744Z stderr F I0209 15:41:45.766387       1 shared_informer.go:247] Caches are synced for garbage collector 
2021-02-09T15:41:46.079596Z stderr F I0209 15:41:46.077065       1 request.go:645] Throttling request took 1.048621064s, request: GET:https://172.18.0.2:6443/apis/extensions/v1beta1?timeout=32s
2021-02-09T15:41:46.779848469Z stderr F I0209 15:41:46.779600       1 shared_informer.go:240] Waiting for caches to sync for resource quota
2021-02-09T15:41:46.779903849Z stderr F I0209 15:41:46.779667       1 shared_informer.go:247] Caches are synced for resource quota 
2021-02-09T15:41:55.430101476Z stderr F I0209 15:41:55.429748       1 node_lifecycle_controller.go:1222] Controller detected that some Nodes are Ready. Exiting master disruption mode.
