-- Logs begin at Tue 2021-02-09 15:40:58 UTC, end at Tue 2021-02-09 15:42:47 UTC. --
Feb 09 15:40:58 kind-control-plane systemd[1]: Starting containerd container runtime...
Feb 09 15:40:58 kind-control-plane systemd[1]: Started containerd container runtime.
Feb 09 15:40:58 kind-control-plane containerd[135]: time="2021-02-09T15:40:58.742993208Z" level=info msg="starting containerd" revision=09814d48d50816305a8e6c1a4ae3e2bcc4ba725a version=v1.4.0
Feb 09 15:40:58 kind-control-plane containerd[135]: time="2021-02-09T15:40:58.787173941Z" level=info msg="loading plugin \"io.containerd.content.v1.content\"..." type=io.containerd.content.v1
Feb 09 15:40:58 kind-control-plane containerd[135]: time="2021-02-09T15:40:58.787288848Z" level=info msg="loading plugin \"io.containerd.snapshotter.v1.aufs\"..." type=io.containerd.snapshotter.v1
Feb 09 15:40:58 kind-control-plane containerd[135]: time="2021-02-09T15:40:58.791116042Z" level=info msg="skip loading plugin \"io.containerd.snapshotter.v1.aufs\"..." error="aufs is not supported (modprobe aufs failed: exit status 1 \"modprobe: FATAL: Module aufs not found in directory /lib/modules/4.19.121-linuxkit\\n\"): skip plugin" type=io.containerd.snapshotter.v1
Feb 09 15:40:58 kind-control-plane containerd[135]: time="2021-02-09T15:40:58.791235439Z" level=info msg="loading plugin \"io.containerd.snapshotter.v1.btrfs\"..." type=io.containerd.snapshotter.v1
Feb 09 15:40:58 kind-control-plane containerd[135]: time="2021-02-09T15:40:58.792049012Z" level=info msg="skip loading plugin \"io.containerd.snapshotter.v1.btrfs\"..." error="path /var/lib/containerd/io.containerd.snapshotter.v1.btrfs (ext4) must be a btrfs filesystem to be used with the btrfs snapshotter: skip plugin" type=io.containerd.snapshotter.v1
Feb 09 15:40:58 kind-control-plane containerd[135]: time="2021-02-09T15:40:58.792126056Z" level=info msg="loading plugin \"io.containerd.snapshotter.v1.devmapper\"..." type=io.containerd.snapshotter.v1
Feb 09 15:40:58 kind-control-plane containerd[135]: time="2021-02-09T15:40:58.792185877Z" level=warning msg="failed to load plugin io.containerd.snapshotter.v1.devmapper" error="devmapper not configured"
Feb 09 15:40:58 kind-control-plane containerd[135]: time="2021-02-09T15:40:58.792217287Z" level=info msg="loading plugin \"io.containerd.snapshotter.v1.native\"..." type=io.containerd.snapshotter.v1
Feb 09 15:40:58 kind-control-plane containerd[135]: time="2021-02-09T15:40:58.792290143Z" level=info msg="loading plugin \"io.containerd.snapshotter.v1.overlayfs\"..." type=io.containerd.snapshotter.v1
Feb 09 15:40:58 kind-control-plane containerd[135]: time="2021-02-09T15:40:58.792935602Z" level=info msg="loading plugin \"io.containerd.snapshotter.v1.zfs\"..." type=io.containerd.snapshotter.v1
Feb 09 15:40:58 kind-control-plane containerd[135]: time="2021-02-09T15:40:58.793966681Z" level=info msg="skip loading plugin \"io.containerd.snapshotter.v1.zfs\"..." error="path /var/lib/containerd/io.containerd.snapshotter.v1.zfs must be a zfs filesystem to be used with the zfs snapshotter: skip plugin" type=io.containerd.snapshotter.v1
Feb 09 15:40:58 kind-control-plane containerd[135]: time="2021-02-09T15:40:58.794079634Z" level=info msg="loading plugin \"io.containerd.metadata.v1.bolt\"..." type=io.containerd.metadata.v1
Feb 09 15:40:58 kind-control-plane containerd[135]: time="2021-02-09T15:40:58.794124297Z" level=warning msg="could not use snapshotter devmapper in metadata plugin" error="devmapper not configured"
Feb 09 15:40:58 kind-control-plane containerd[135]: time="2021-02-09T15:40:58.794151274Z" level=info msg="metadata content store policy set" policy=shared
Feb 09 15:40:58 kind-control-plane containerd[135]: time="2021-02-09T15:40:58.794297933Z" level=info msg="loading plugin \"io.containerd.differ.v1.walking\"..." type=io.containerd.differ.v1
Feb 09 15:40:58 kind-control-plane containerd[135]: time="2021-02-09T15:40:58.794354961Z" level=info msg="loading plugin \"io.containerd.gc.v1.scheduler\"..." type=io.containerd.gc.v1
Feb 09 15:40:58 kind-control-plane containerd[135]: time="2021-02-09T15:40:58.794390811Z" level=info msg="loading plugin \"io.containerd.service.v1.introspection-service\"..." type=io.containerd.service.v1
Feb 09 15:40:58 kind-control-plane containerd[135]: time="2021-02-09T15:40:58.794431756Z" level=info msg="loading plugin \"io.containerd.service.v1.containers-service\"..." type=io.containerd.service.v1
Feb 09 15:40:58 kind-control-plane containerd[135]: time="2021-02-09T15:40:58.794457269Z" level=info msg="loading plugin \"io.containerd.service.v1.content-service\"..." type=io.containerd.service.v1
Feb 09 15:40:58 kind-control-plane containerd[135]: time="2021-02-09T15:40:58.794476382Z" level=info msg="loading plugin \"io.containerd.service.v1.diff-service\"..." type=io.containerd.service.v1
Feb 09 15:40:58 kind-control-plane containerd[135]: time="2021-02-09T15:40:58.794542928Z" level=info msg="loading plugin \"io.containerd.service.v1.images-service\"..." type=io.containerd.service.v1
Feb 09 15:40:58 kind-control-plane containerd[135]: time="2021-02-09T15:40:58.794577691Z" level=info msg="loading plugin \"io.containerd.service.v1.leases-service\"..." type=io.containerd.service.v1
Feb 09 15:40:58 kind-control-plane containerd[135]: time="2021-02-09T15:40:58.794658288Z" level=info msg="loading plugin \"io.containerd.service.v1.namespaces-service\"..." type=io.containerd.service.v1
Feb 09 15:40:58 kind-control-plane containerd[135]: time="2021-02-09T15:40:58.794747477Z" level=info msg="loading plugin \"io.containerd.service.v1.snapshots-service\"..." type=io.containerd.service.v1
Feb 09 15:40:58 kind-control-plane containerd[135]: time="2021-02-09T15:40:58.794836370Z" level=info msg="loading plugin \"io.containerd.runtime.v1.linux\"..." type=io.containerd.runtime.v1
Feb 09 15:40:58 kind-control-plane containerd[135]: time="2021-02-09T15:40:58.794952634Z" level=info msg="loading plugin \"io.containerd.runtime.v2.task\"..." type=io.containerd.runtime.v2
Feb 09 15:40:58 kind-control-plane containerd[135]: time="2021-02-09T15:40:58.795110583Z" level=info msg="loading plugin \"io.containerd.monitor.v1.cgroups\"..." type=io.containerd.monitor.v1
Feb 09 15:40:58 kind-control-plane containerd[135]: time="2021-02-09T15:40:58.796185415Z" level=info msg="loading plugin \"io.containerd.service.v1.tasks-service\"..." type=io.containerd.service.v1
Feb 09 15:40:58 kind-control-plane containerd[135]: time="2021-02-09T15:40:58.796433035Z" level=info msg="loading plugin \"io.containerd.internal.v1.restart\"..." type=io.containerd.internal.v1
Feb 09 15:40:58 kind-control-plane containerd[135]: time="2021-02-09T15:40:58.796581066Z" level=info msg="loading plugin \"io.containerd.grpc.v1.containers\"..." type=io.containerd.grpc.v1
Feb 09 15:40:58 kind-control-plane containerd[135]: time="2021-02-09T15:40:58.796670394Z" level=info msg="loading plugin \"io.containerd.grpc.v1.content\"..." type=io.containerd.grpc.v1
Feb 09 15:40:58 kind-control-plane containerd[135]: time="2021-02-09T15:40:58.796742798Z" level=info msg="loading plugin \"io.containerd.grpc.v1.diff\"..." type=io.containerd.grpc.v1
Feb 09 15:40:58 kind-control-plane containerd[135]: time="2021-02-09T15:40:58.796810436Z" level=info msg="loading plugin \"io.containerd.grpc.v1.events\"..." type=io.containerd.grpc.v1
Feb 09 15:40:58 kind-control-plane containerd[135]: time="2021-02-09T15:40:58.796955920Z" level=info msg="loading plugin \"io.containerd.grpc.v1.healthcheck\"..." type=io.containerd.grpc.v1
Feb 09 15:40:58 kind-control-plane containerd[135]: time="2021-02-09T15:40:58.797033199Z" level=info msg="loading plugin \"io.containerd.grpc.v1.images\"..." type=io.containerd.grpc.v1
Feb 09 15:40:58 kind-control-plane containerd[135]: time="2021-02-09T15:40:58.797121100Z" level=info msg="loading plugin \"io.containerd.grpc.v1.leases\"..." type=io.containerd.grpc.v1
Feb 09 15:40:58 kind-control-plane containerd[135]: time="2021-02-09T15:40:58.797187741Z" level=info msg="loading plugin \"io.containerd.grpc.v1.namespaces\"..." type=io.containerd.grpc.v1
Feb 09 15:40:58 kind-control-plane containerd[135]: time="2021-02-09T15:40:58.797293401Z" level=info msg="loading plugin \"io.containerd.internal.v1.opt\"..." type=io.containerd.internal.v1
Feb 09 15:40:58 kind-control-plane containerd[135]: time="2021-02-09T15:40:58.797618741Z" level=info msg="loading plugin \"io.containerd.grpc.v1.snapshots\"..." type=io.containerd.grpc.v1
Feb 09 15:40:58 kind-control-plane containerd[135]: time="2021-02-09T15:40:58.798061044Z" level=info msg="loading plugin \"io.containerd.grpc.v1.tasks\"..." type=io.containerd.grpc.v1
Feb 09 15:40:58 kind-control-plane containerd[135]: time="2021-02-09T15:40:58.798147393Z" level=info msg="loading plugin \"io.containerd.grpc.v1.version\"..." type=io.containerd.grpc.v1
Feb 09 15:40:58 kind-control-plane containerd[135]: time="2021-02-09T15:40:58.798227899Z" level=info msg="loading plugin \"io.containerd.grpc.v1.cri\"..." type=io.containerd.grpc.v1
Feb 09 15:40:58 kind-control-plane containerd[135]: time="2021-02-09T15:40:58.798491345Z" level=info msg="Start cri plugin with config {PluginConfig:{ContainerdConfig:{Snapshotter:overlayfs DefaultRuntimeName:runc DefaultRuntime:{Type: Engine: PodAnnotations:[] ContainerAnnotations:[] Root: Options:<nil> PrivilegedWithoutHostDevices:false BaseRuntimeSpec:} UntrustedWorkloadRuntime:{Type: Engine: PodAnnotations:[] ContainerAnnotations:[] Root: Options:<nil> PrivilegedWithoutHostDevices:false BaseRuntimeSpec:} Runtimes:map[runc:{Type:io.containerd.runc.v2 Engine: PodAnnotations:[] ContainerAnnotations:[] Root: Options:<nil> PrivilegedWithoutHostDevices:false BaseRuntimeSpec:} test-handler:{Type:io.containerd.runc.v2 Engine: PodAnnotations:[] ContainerAnnotations:[] Root: Options:<nil> PrivilegedWithoutHostDevices:false BaseRuntimeSpec:}] NoPivot:false DisableSnapshotAnnotations:false DiscardUnpackedLayers:false} CniConfig:{NetworkPluginBinDir:/opt/cni/bin NetworkPluginConfDir:/etc/cni/net.d NetworkPluginMaxConfNum:1 NetworkPluginConfTemplate:} Registry:{Mirrors:map[docker.io:{Endpoints:[https://registry-1.docker.io]}] Configs:map[] Auths:map[] Headers:map[]} ImageDecryption:{KeyModel:} DisableTCPService:true StreamServerAddress:127.0.0.1 StreamServerPort:0 StreamIdleTimeout:4h0m0s EnableSelinux:false SelinuxCategoryRange:1024 SandboxImage:k8s.gcr.io/pause:3.3 StatsCollectPeriod:10 SystemdCgroup:false EnableTLSStreaming:false X509KeyPairStreaming:{TLSCertFile: TLSKeyFile:} MaxContainerLogLineSize:16384 DisableCgroup:false DisableApparmor:false RestrictOOMScoreAdj:false MaxConcurrentDownloads:3 DisableProcMount:false UnsetSeccompProfile: TolerateMissingHugetlbController:true DisableHugetlbController:true IgnoreImageDefinedVolumes:false} ContainerdRootDir:/var/lib/containerd ContainerdEndpoint:/run/containerd/containerd.sock RootDir:/var/lib/containerd/io.containerd.grpc.v1.cri StateDir:/run/containerd/io.containerd.grpc.v1.cri}"
Feb 09 15:40:58 kind-control-plane containerd[135]: time="2021-02-09T15:40:58.798703601Z" level=info msg="Connect containerd service"
Feb 09 15:40:58 kind-control-plane containerd[135]: time="2021-02-09T15:40:58.798908013Z" level=info msg="Get image filesystem path \"/var/lib/containerd/io.containerd.snapshotter.v1.overlayfs\""
Feb 09 15:40:58 kind-control-plane containerd[135]: time="2021-02-09T15:40:58.799508621Z" level=error msg="failed to load cni during init, please check CRI plugin status before setting up network for pods" error="cni config load failed: no network config found in /etc/cni/net.d: cni plugin not initialized: failed to load cni config"
Feb 09 15:40:58 kind-control-plane containerd[135]: time="2021-02-09T15:40:58.799725237Z" level=info msg="loading plugin \"io.containerd.grpc.v1.introspection\"..." type=io.containerd.grpc.v1
Feb 09 15:40:58 kind-control-plane containerd[135]: time="2021-02-09T15:40:58.799860544Z" level=info msg="Start subscribing containerd event"
Feb 09 15:40:58 kind-control-plane containerd[135]: time="2021-02-09T15:40:58.799982840Z" level=info msg="Start recovering state"
Feb 09 15:40:58 kind-control-plane containerd[135]: time="2021-02-09T15:40:58.800442540Z" level=info msg=serving... address=/run/containerd/containerd.sock.ttrpc
Feb 09 15:40:58 kind-control-plane containerd[135]: time="2021-02-09T15:40:58.800775042Z" level=info msg=serving... address=/run/containerd/containerd.sock
Feb 09 15:40:58 kind-control-plane containerd[135]: time="2021-02-09T15:40:58.801084750Z" level=info msg="containerd successfully booted in 0.062842s"
Feb 09 15:40:58 kind-control-plane containerd[135]: time="2021-02-09T15:40:58.803329885Z" level=warning msg="The image docker.io/kindest/kindnetd:v20200725-4d6bea59 is not unpacked."
Feb 09 15:40:58 kind-control-plane containerd[135]: time="2021-02-09T15:40:58.805556419Z" level=warning msg="The image docker.io/rancher/local-path-provisioner:v0.0.14 is not unpacked."
Feb 09 15:40:58 kind-control-plane containerd[135]: time="2021-02-09T15:40:58.806944249Z" level=warning msg="The image k8s.gcr.io/build-image/debian-base:v2.1.0 is not unpacked."
Feb 09 15:40:58 kind-control-plane containerd[135]: time="2021-02-09T15:40:58.808438045Z" level=warning msg="The image k8s.gcr.io/coredns:1.7.0 is not unpacked."
Feb 09 15:40:58 kind-control-plane containerd[135]: time="2021-02-09T15:40:58.810260424Z" level=warning msg="The image k8s.gcr.io/etcd:3.4.13-0 is not unpacked."
Feb 09 15:40:58 kind-control-plane containerd[135]: time="2021-02-09T15:40:58.811851075Z" level=warning msg="The image k8s.gcr.io/kube-apiserver:v1.19.1 is not unpacked."
Feb 09 15:40:58 kind-control-plane containerd[135]: time="2021-02-09T15:40:58.812937360Z" level=warning msg="The image k8s.gcr.io/kube-controller-manager:v1.19.1 is not unpacked."
Feb 09 15:40:58 kind-control-plane containerd[135]: time="2021-02-09T15:40:58.814371841Z" level=warning msg="The image k8s.gcr.io/kube-proxy:v1.19.1 is not unpacked."
Feb 09 15:40:58 kind-control-plane containerd[135]: time="2021-02-09T15:40:58.816865789Z" level=warning msg="The image k8s.gcr.io/kube-scheduler:v1.19.1 is not unpacked."
Feb 09 15:40:58 kind-control-plane containerd[135]: time="2021-02-09T15:40:58.818181157Z" level=warning msg="The image k8s.gcr.io/pause:3.3 is not unpacked."
Feb 09 15:40:58 kind-control-plane containerd[135]: time="2021-02-09T15:40:58.819099274Z" level=warning msg="The image sha256:0184c1613d92931126feb4c548e5da11015513b9e4c104e7305ee8b53b50a9da is not unpacked."
Feb 09 15:40:58 kind-control-plane containerd[135]: time="2021-02-09T15:40:58.819911258Z" level=warning msg="The image sha256:0369cf4303ffdb467dc219990960a9baa8512a54b0ad9283eaf55bd6c0adb934 is not unpacked."
Feb 09 15:40:58 kind-control-plane containerd[135]: time="2021-02-09T15:40:58.825962955Z" level=warning msg="The image sha256:47e289e332426e8b3f8d11386870ff10d557b92a903cb5c00dcb6823c83675e9 is not unpacked."
Feb 09 15:40:58 kind-control-plane containerd[135]: time="2021-02-09T15:40:58.827434374Z" level=warning msg="The image sha256:4d648fc900179ba4744062eed86d85cab40cb93f4cd55eb1cd898249212d75fe is not unpacked."
Feb 09 15:40:58 kind-control-plane containerd[135]: time="2021-02-09T15:40:58.832503673Z" level=warning msg="The image sha256:7dafbafe72c9042ddf376fb615c60fab4faea54df01ac98e4abf1facbad3e387 is not unpacked."
Feb 09 15:40:58 kind-control-plane containerd[135]: time="2021-02-09T15:40:58.833717535Z" level=warning msg="The image sha256:8cba89a89aaa8445c9d385962cd915ae2e237e38f874ff90c5afbcc31a854a99 is not unpacked."
Feb 09 15:40:58 kind-control-plane containerd[135]: time="2021-02-09T15:40:58.834761229Z" level=warning msg="The image sha256:b77790820d01598b2c56f823fa489e3f56be2cb5d6f7dd9eecd68a1995b89c13 is not unpacked."
Feb 09 15:40:58 kind-control-plane containerd[135]: time="2021-02-09T15:40:58.836314655Z" level=warning msg="The image sha256:bfe3a36ebd2528b454be6aebece806db5b40407b833e2af9617bf39afaff8c16 is not unpacked."
Feb 09 15:40:58 kind-control-plane containerd[135]: time="2021-02-09T15:40:58.836946182Z" level=warning msg="The image sha256:c7c6c86897b63067b540640b3b47ba46e0587542fc6511eef3bd1f833e1319e1 is not unpacked."
Feb 09 15:40:58 kind-control-plane containerd[135]: time="2021-02-09T15:40:58.837873457Z" level=warning msg="The image sha256:e422121c9c5f97623245b7e600eeb5e223ee623f21fa04da985ae71057d8d70b is not unpacked."
Feb 09 15:40:58 kind-control-plane containerd[135]: time="2021-02-09T15:40:58.839305110Z" level=info msg="Start event monitor"
Feb 09 15:40:58 kind-control-plane containerd[135]: time="2021-02-09T15:40:58.839404617Z" level=info msg="Start snapshots syncer"
Feb 09 15:40:58 kind-control-plane containerd[135]: time="2021-02-09T15:40:58.839423787Z" level=info msg="Start cni network conf syncer"
Feb 09 15:40:58 kind-control-plane containerd[135]: time="2021-02-09T15:40:58.839484230Z" level=info msg="Start streaming server"
Feb 09 15:41:16 kind-control-plane containerd[135]: time="2021-02-09T15:41:16.701672706Z" level=info msg="RunPodsandbox for &PodSandboxMetadata{Name:kube-apiserver-kind-control-plane,Uid:358c1d47cb5a4d84eb8cb6eb83a1bf94,Namespace:kube-system,Attempt:0,}"
Feb 09 15:41:16 kind-control-plane containerd[135]: time="2021-02-09T15:41:16.717449951Z" level=info msg="RunPodsandbox for &PodSandboxMetadata{Name:kube-controller-manager-kind-control-plane,Uid:411ac4af029477effdb68d633678044e,Namespace:kube-system,Attempt:0,}"
Feb 09 15:41:16 kind-control-plane containerd[135]: time="2021-02-09T15:41:16.719167910Z" level=info msg="RunPodsandbox for &PodSandboxMetadata{Name:etcd-kind-control-plane,Uid:478e7ac48a70fded7b1991aa3701417f,Namespace:kube-system,Attempt:0,}"
Feb 09 15:41:16 kind-control-plane containerd[135]: time="2021-02-09T15:41:16.720867954Z" level=info msg="RunPodsandbox for &PodSandboxMetadata{Name:kube-scheduler-kind-control-plane,Uid:d8964234650b330c55fcf8fb2f5295dd,Namespace:kube-system,Attempt:0,}"
Feb 09 15:41:16 kind-control-plane containerd[135]: time="2021-02-09T15:41:16.813979151Z" level=info msg="starting signal loop" namespace=k8s.io path=/run/containerd/io.containerd.runtime.v2.task/k8s.io/5a4daa93df83471564b11cb2bcffb08dbea3bd76e7afaeb29128637a487393c1 pid=334
Feb 09 15:41:16 kind-control-plane containerd[135]: time="2021-02-09T15:41:16.822776963Z" level=info msg="starting signal loop" namespace=k8s.io path=/run/containerd/io.containerd.runtime.v2.task/k8s.io/960623b250480ca60a1da1c26166203e46baccbd9001586e873ac0edc4575fdb pid=325
Feb 09 15:41:16 kind-control-plane containerd[135]: time="2021-02-09T15:41:16.834396966Z" level=info msg="starting signal loop" namespace=k8s.io path=/run/containerd/io.containerd.runtime.v2.task/k8s.io/98bd7fe522b20072945ae734e5afb5cca3c6d80eaab55e6d7a3a94d7d33c3328 pid=367
Feb 09 15:41:16 kind-control-plane containerd[135]: time="2021-02-09T15:41:16.835433896Z" level=info msg="starting signal loop" namespace=k8s.io path=/run/containerd/io.containerd.runtime.v2.task/k8s.io/bb11db52f0bd06e716d4cd30dc4a580b26d68d52157a39e7072c4ab95275aa73 pid=382
Feb 09 15:41:16 kind-control-plane containerd[135]: time="2021-02-09T15:41:16.995266054Z" level=info msg="RunPodSandbox for &PodSandboxMetadata{Name:etcd-kind-control-plane,Uid:478e7ac48a70fded7b1991aa3701417f,Namespace:kube-system,Attempt:0,} returns sandbox id \"98bd7fe522b20072945ae734e5afb5cca3c6d80eaab55e6d7a3a94d7d33c3328\""
Feb 09 15:41:17 kind-control-plane containerd[135]: time="2021-02-09T15:41:16.999508934Z" level=info msg="RunPodSandbox for &PodSandboxMetadata{Name:kube-controller-manager-kind-control-plane,Uid:411ac4af029477effdb68d633678044e,Namespace:kube-system,Attempt:0,} returns sandbox id \"bb11db52f0bd06e716d4cd30dc4a580b26d68d52157a39e7072c4ab95275aa73\""
Feb 09 15:41:17 kind-control-plane containerd[135]: time="2021-02-09T15:41:17.003745911Z" level=info msg="CreateContainer within sandbox \"98bd7fe522b20072945ae734e5afb5cca3c6d80eaab55e6d7a3a94d7d33c3328\" for container &ContainerMetadata{Name:etcd,Attempt:0,}"
Feb 09 15:41:17 kind-control-plane containerd[135]: time="2021-02-09T15:41:17.005530228Z" level=info msg="CreateContainer within sandbox \"bb11db52f0bd06e716d4cd30dc4a580b26d68d52157a39e7072c4ab95275aa73\" for container &ContainerMetadata{Name:kube-controller-manager,Attempt:0,}"
Feb 09 15:41:17 kind-control-plane containerd[135]: time="2021-02-09T15:41:17.016539929Z" level=info msg="RunPodSandbox for &PodSandboxMetadata{Name:kube-apiserver-kind-control-plane,Uid:358c1d47cb5a4d84eb8cb6eb83a1bf94,Namespace:kube-system,Attempt:0,} returns sandbox id \"5a4daa93df83471564b11cb2bcffb08dbea3bd76e7afaeb29128637a487393c1\""
Feb 09 15:41:17 kind-control-plane containerd[135]: time="2021-02-09T15:41:17.021147100Z" level=info msg="CreateContainer within sandbox \"5a4daa93df83471564b11cb2bcffb08dbea3bd76e7afaeb29128637a487393c1\" for container &ContainerMetadata{Name:kube-apiserver,Attempt:0,}"
Feb 09 15:41:17 kind-control-plane containerd[135]: time="2021-02-09T15:41:17.058409821Z" level=info msg="RunPodSandbox for &PodSandboxMetadata{Name:kube-scheduler-kind-control-plane,Uid:d8964234650b330c55fcf8fb2f5295dd,Namespace:kube-system,Attempt:0,} returns sandbox id \"960623b250480ca60a1da1c26166203e46baccbd9001586e873ac0edc4575fdb\""
Feb 09 15:41:17 kind-control-plane containerd[135]: time="2021-02-09T15:41:17.064971939Z" level=info msg="CreateContainer within sandbox \"960623b250480ca60a1da1c26166203e46baccbd9001586e873ac0edc4575fdb\" for container &ContainerMetadata{Name:kube-scheduler,Attempt:0,}"
Feb 09 15:41:18 kind-control-plane containerd[135]: time="2021-02-09T15:41:18.476647403Z" level=info msg="CreateContainer within sandbox \"960623b250480ca60a1da1c26166203e46baccbd9001586e873ac0edc4575fdb\" for &ContainerMetadata{Name:kube-scheduler,Attempt:0,} returns container id \"f9f1c48ec921cd8bab4253b8785fc0f5add4c94455ebfda07282cd54281f6aae\""
Feb 09 15:41:18 kind-control-plane containerd[135]: time="2021-02-09T15:41:18.478340508Z" level=info msg="StartContainer for \"f9f1c48ec921cd8bab4253b8785fc0f5add4c94455ebfda07282cd54281f6aae\""
Feb 09 15:41:18 kind-control-plane containerd[135]: time="2021-02-09T15:41:18.532206126Z" level=info msg="CreateContainer within sandbox \"bb11db52f0bd06e716d4cd30dc4a580b26d68d52157a39e7072c4ab95275aa73\" for &ContainerMetadata{Name:kube-controller-manager,Attempt:0,} returns container id \"269c0e1c65db8d4db6608ff155b78090587744af6b2dce7d0081300f3111b64c\""
Feb 09 15:41:18 kind-control-plane containerd[135]: time="2021-02-09T15:41:18.533036480Z" level=info msg="StartContainer for \"269c0e1c65db8d4db6608ff155b78090587744af6b2dce7d0081300f3111b64c\""
Feb 09 15:41:18 kind-control-plane containerd[135]: time="2021-02-09T15:41:18.535450899Z" level=info msg="CreateContainer within sandbox \"5a4daa93df83471564b11cb2bcffb08dbea3bd76e7afaeb29128637a487393c1\" for &ContainerMetadata{Name:kube-apiserver,Attempt:0,} returns container id \"22f2a361fe1bef924d374928b259724025b85d63fe0de638b314e01d3070ad93\""
Feb 09 15:41:18 kind-control-plane containerd[135]: time="2021-02-09T15:41:18.537666093Z" level=info msg="StartContainer for \"22f2a361fe1bef924d374928b259724025b85d63fe0de638b314e01d3070ad93\""
Feb 09 15:41:18 kind-control-plane containerd[135]: time="2021-02-09T15:41:18.667630456Z" level=info msg="StartContainer for \"f9f1c48ec921cd8bab4253b8785fc0f5add4c94455ebfda07282cd54281f6aae\" returns successfully"
Feb 09 15:41:18 kind-control-plane containerd[135]: time="2021-02-09T15:41:18.732605215Z" level=info msg="StartContainer for \"22f2a361fe1bef924d374928b259724025b85d63fe0de638b314e01d3070ad93\" returns successfully"
Feb 09 15:41:18 kind-control-plane containerd[135]: time="2021-02-09T15:41:18.755261539Z" level=info msg="StartContainer for \"269c0e1c65db8d4db6608ff155b78090587744af6b2dce7d0081300f3111b64c\" returns successfully"
Feb 09 15:41:19 kind-control-plane containerd[135]: time="2021-02-09T15:41:19.820775142Z" level=info msg="CreateContainer within sandbox \"98bd7fe522b20072945ae734e5afb5cca3c6d80eaab55e6d7a3a94d7d33c3328\" for &ContainerMetadata{Name:etcd,Attempt:0,} returns container id \"75d32351ed07a1385a81804a3f16158eff8cadfd119d1ef3c674f0455982b0f4\""
Feb 09 15:41:19 kind-control-plane containerd[135]: time="2021-02-09T15:41:19.821480711Z" level=info msg="StartContainer for \"75d32351ed07a1385a81804a3f16158eff8cadfd119d1ef3c674f0455982b0f4\""
Feb 09 15:41:20 kind-control-plane containerd[135]: time="2021-02-09T15:41:20.001029603Z" level=info msg="StartContainer for \"75d32351ed07a1385a81804a3f16158eff8cadfd119d1ef3c674f0455982b0f4\" returns successfully"
Feb 09 15:41:45 kind-control-plane containerd[135]: time="2021-02-09T15:41:45.201383967Z" level=info msg="No cni config template is specified, wait for other system components to drop the config."
Feb 09 15:41:45 kind-control-plane containerd[135]: time="2021-02-09T15:41:45.804561057Z" level=info msg="RunPodsandbox for &PodSandboxMetadata{Name:kube-proxy-ph8xs,Uid:df676e38-0356-454f-884d-beafa174880b,Namespace:kube-system,Attempt:0,}"
Feb 09 15:41:45 kind-control-plane containerd[135]: time="2021-02-09T15:41:45.822993183Z" level=info msg="RunPodsandbox for &PodSandboxMetadata{Name:kindnet-swgm5,Uid:1eb3a396-a188-4497-ab13-4fbd934352f9,Namespace:kube-system,Attempt:0,}"
Feb 09 15:41:45 kind-control-plane containerd[135]: time="2021-02-09T15:41:45.831160940Z" level=info msg="starting signal loop" namespace=k8s.io path=/run/containerd/io.containerd.runtime.v2.task/k8s.io/01192e145698f855ded5dfd75deb044d1a14195be3271b92a1af2c8cdf1bca91 pid=839
Feb 09 15:41:45 kind-control-plane containerd[135]: time="2021-02-09T15:41:45.853395285Z" level=info msg="starting signal loop" namespace=k8s.io path=/run/containerd/io.containerd.runtime.v2.task/k8s.io/d78be23d22890bf287f2d526b2e918fa33d7be6ebc6f592179cb01225e6ce74a pid=866
Feb 09 15:41:45 kind-control-plane containerd[135]: time="2021-02-09T15:41:45.956443414Z" level=info msg="RunPodSandbox for &PodSandboxMetadata{Name:kube-proxy-ph8xs,Uid:df676e38-0356-454f-884d-beafa174880b,Namespace:kube-system,Attempt:0,} returns sandbox id \"01192e145698f855ded5dfd75deb044d1a14195be3271b92a1af2c8cdf1bca91\""
Feb 09 15:41:45 kind-control-plane containerd[135]: time="2021-02-09T15:41:45.961261825Z" level=info msg="CreateContainer within sandbox \"01192e145698f855ded5dfd75deb044d1a14195be3271b92a1af2c8cdf1bca91\" for container &ContainerMetadata{Name:kube-proxy,Attempt:0,}"
Feb 09 15:41:46 kind-control-plane containerd[135]: time="2021-02-09T15:41:46.500952800Z" level=info msg="RunPodSandbox for &PodSandboxMetadata{Name:kindnet-swgm5,Uid:1eb3a396-a188-4497-ab13-4fbd934352f9,Namespace:kube-system,Attempt:0,} returns sandbox id \"d78be23d22890bf287f2d526b2e918fa33d7be6ebc6f592179cb01225e6ce74a\""
Feb 09 15:41:46 kind-control-plane containerd[135]: time="2021-02-09T15:41:46.509737184Z" level=info msg="CreateContainer within sandbox \"d78be23d22890bf287f2d526b2e918fa33d7be6ebc6f592179cb01225e6ce74a\" for container &ContainerMetadata{Name:kindnet-cni,Attempt:0,}"
Feb 09 15:41:47 kind-control-plane containerd[135]: time="2021-02-09T15:41:47.704463687Z" level=info msg="CreateContainer within sandbox \"01192e145698f855ded5dfd75deb044d1a14195be3271b92a1af2c8cdf1bca91\" for &ContainerMetadata{Name:kube-proxy,Attempt:0,} returns container id \"1dcbff1e7d8e2394cde86d3ff946bd609a5032cf592a44b1ca3dc05b02a3d2b0\""
Feb 09 15:41:47 kind-control-plane containerd[135]: time="2021-02-09T15:41:47.708290042Z" level=info msg="StartContainer for \"1dcbff1e7d8e2394cde86d3ff946bd609a5032cf592a44b1ca3dc05b02a3d2b0\""
Feb 09 15:41:47 kind-control-plane containerd[135]: time="2021-02-09T15:41:47.850815532Z" level=info msg="StartContainer for \"1dcbff1e7d8e2394cde86d3ff946bd609a5032cf592a44b1ca3dc05b02a3d2b0\" returns successfully"
Feb 09 15:41:48 kind-control-plane containerd[135]: time="2021-02-09T15:41:48.211587675Z" level=info msg="CreateContainer within sandbox \"d78be23d22890bf287f2d526b2e918fa33d7be6ebc6f592179cb01225e6ce74a\" for &ContainerMetadata{Name:kindnet-cni,Attempt:0,} returns container id \"e839683947fe3cf7e7dc9a63df7700906683192536c75318f89bda12f8ad9889\""
Feb 09 15:41:48 kind-control-plane containerd[135]: time="2021-02-09T15:41:48.212989532Z" level=info msg="StartContainer for \"e839683947fe3cf7e7dc9a63df7700906683192536c75318f89bda12f8ad9889\""
Feb 09 15:41:48 kind-control-plane containerd[135]: time="2021-02-09T15:41:48.609881545Z" level=info msg="StartContainer for \"e839683947fe3cf7e7dc9a63df7700906683192536c75318f89bda12f8ad9889\" returns successfully"
Feb 09 15:41:49 kind-control-plane containerd[135]: time="2021-02-09T15:41:49.171103743Z" level=error msg="failed to reload cni configuration after receiving fs change event(\"/etc/cni/net.d/10-kindnet.conflist.temp\": WRITE)" error="cni config load failed: no network config found in /etc/cni/net.d: cni plugin not initialized: failed to load cni config"
Feb 09 15:41:49 kind-control-plane containerd[135]: time="2021-02-09T15:41:49.172238746Z" level=error msg="failed to reload cni configuration after receiving fs change event(\"/etc/cni/net.d/10-kindnet.conflist.temp\": WRITE)" error="cni config load failed: no network config found in /etc/cni/net.d: cni plugin not initialized: failed to load cni config"
Feb 09 15:41:55 kind-control-plane containerd[135]: time="2021-02-09T15:41:55.676641356Z" level=info msg="RunPodsandbox for &PodSandboxMetadata{Name:example-deployment-585449566-ncm65,Uid:c8abe901-0b21-46a8-a2cd-53007230ea04,Namespace:kuttl-test-firm-molly,Attempt:0,}"
Feb 09 15:41:55 kind-control-plane containerd[135]: time="2021-02-09T15:41:55.678723734Z" level=info msg="RunPodsandbox for &PodSandboxMetadata{Name:example-deployment-585449566-rg5qm,Uid:5f0121cb-220c-4cd1-b080-f9cd8aa1ceae,Namespace:kuttl-test-firm-molly,Attempt:0,}"
Feb 09 15:41:55 kind-control-plane containerd[135]: time="2021-02-09T15:41:55.692503072Z" level=info msg="RunPodsandbox for &PodSandboxMetadata{Name:local-path-provisioner-78776bfc44-6j4mp,Uid:6388b1ca-f221-485c-87dc-7b1d91f5aab9,Namespace:local-path-storage,Attempt:0,}"
Feb 09 15:41:55 kind-control-plane containerd[135]: time="2021-02-09T15:41:55.712781300Z" level=info msg="RunPodsandbox for &PodSandboxMetadata{Name:example-deployment-585449566-47p7k,Uid:83f58ca0-fb04-404b-97d8-33bc00a8a2b8,Namespace:kuttl-test-firm-molly,Attempt:0,}"
Feb 09 15:41:55 kind-control-plane containerd[135]: time="2021-02-09T15:41:55.805445739Z" level=info msg="starting signal loop" namespace=k8s.io path=/run/containerd/io.containerd.runtime.v2.task/k8s.io/1f41c66dc8559c2853b2db91931ba0c840c605b4c3d2c740cbdae3c72dc6571a pid=1181
Feb 09 15:41:55 kind-control-plane containerd[135]: time="2021-02-09T15:41:55.810428175Z" level=info msg="starting signal loop" namespace=k8s.io path=/run/containerd/io.containerd.runtime.v2.task/k8s.io/12ff9db97b12be0a37f02d9aef58c3023bfb9e166ed5b594dcb81bda4a8642f1 pid=1172
Feb 09 15:41:55 kind-control-plane containerd[135]: time="2021-02-09T15:41:55.818768662Z" level=info msg="starting signal loop" namespace=k8s.io path=/run/containerd/io.containerd.runtime.v2.task/k8s.io/9984c95e81d10891d89f91844f73ca8984c1485f102fee4c4acc2bf6a1d00b95 pid=1211
Feb 09 15:41:55 kind-control-plane containerd[135]: time="2021-02-09T15:41:55.863492053Z" level=info msg="starting signal loop" namespace=k8s.io path=/run/containerd/io.containerd.runtime.v2.task/k8s.io/5052e9fd99a8dc5b1277451bf0870ae9d872a43a9d18687a0928a45f50aa6468 pid=1262
Feb 09 15:41:55 kind-control-plane containerd[135]: time="2021-02-09T15:41:55.983425639Z" level=info msg="RunPodSandbox for &PodSandboxMetadata{Name:example-deployment-585449566-rg5qm,Uid:5f0121cb-220c-4cd1-b080-f9cd8aa1ceae,Namespace:kuttl-test-firm-molly,Attempt:0,} returns sandbox id \"12ff9db97b12be0a37f02d9aef58c3023bfb9e166ed5b594dcb81bda4a8642f1\""
Feb 09 15:41:55 kind-control-plane containerd[135]: time="2021-02-09T15:41:55.985835088Z" level=info msg="PullImage \"nginx:latest\""
Feb 09 15:41:55 kind-control-plane containerd[135]: time="2021-02-09T15:41:55.992257572Z" level=info msg="RunPodSandbox for &PodSandboxMetadata{Name:local-path-provisioner-78776bfc44-6j4mp,Uid:6388b1ca-f221-485c-87dc-7b1d91f5aab9,Namespace:local-path-storage,Attempt:0,} returns sandbox id \"9984c95e81d10891d89f91844f73ca8984c1485f102fee4c4acc2bf6a1d00b95\""
Feb 09 15:41:56 kind-control-plane containerd[135]: time="2021-02-09T15:41:55.999860954Z" level=info msg="CreateContainer within sandbox \"9984c95e81d10891d89f91844f73ca8984c1485f102fee4c4acc2bf6a1d00b95\" for container &ContainerMetadata{Name:local-path-provisioner,Attempt:0,}"
Feb 09 15:41:56 kind-control-plane containerd[135]: time="2021-02-09T15:41:56.044912495Z" level=info msg="RunPodSandbox for &PodSandboxMetadata{Name:example-deployment-585449566-ncm65,Uid:c8abe901-0b21-46a8-a2cd-53007230ea04,Namespace:kuttl-test-firm-molly,Attempt:0,} returns sandbox id \"1f41c66dc8559c2853b2db91931ba0c840c605b4c3d2c740cbdae3c72dc6571a\""
Feb 09 15:41:56 kind-control-plane containerd[135]: time="2021-02-09T15:41:56.059892634Z" level=info msg="RunPodSandbox for &PodSandboxMetadata{Name:example-deployment-585449566-47p7k,Uid:83f58ca0-fb04-404b-97d8-33bc00a8a2b8,Namespace:kuttl-test-firm-molly,Attempt:0,} returns sandbox id \"5052e9fd99a8dc5b1277451bf0870ae9d872a43a9d18687a0928a45f50aa6468\""
Feb 09 15:41:56 kind-control-plane containerd[135]: time="2021-02-09T15:41:56.401131278Z" level=info msg="CreateContainer within sandbox \"9984c95e81d10891d89f91844f73ca8984c1485f102fee4c4acc2bf6a1d00b95\" for &ContainerMetadata{Name:local-path-provisioner,Attempt:0,} returns container id \"ca479b60814174bc6da15378bdccd3721d5920e88890f9413c2cce5048473577\""
Feb 09 15:41:56 kind-control-plane containerd[135]: time="2021-02-09T15:41:56.401781056Z" level=info msg="StartContainer for \"ca479b60814174bc6da15378bdccd3721d5920e88890f9413c2cce5048473577\""
Feb 09 15:41:56 kind-control-plane containerd[135]: time="2021-02-09T15:41:56.549428703Z" level=info msg="StartContainer for \"ca479b60814174bc6da15378bdccd3721d5920e88890f9413c2cce5048473577\" returns successfully"
Feb 09 15:41:59 kind-control-plane containerd[135]: time="2021-02-09T15:41:59.955024535Z" level=info msg="RunPodsandbox for &PodSandboxMetadata{Name:coredns-f9fd979d6-bsj2w,Uid:600655b0-a760-4258-a1f4-d3e4761265fb,Namespace:kube-system,Attempt:0,}"
Feb 09 15:42:00 kind-control-plane containerd[135]: time="2021-02-09T15:42:00.020423143Z" level=info msg="starting signal loop" namespace=k8s.io path=/run/containerd/io.containerd.runtime.v2.task/k8s.io/623e6e81c7c1bc758c19c8ee7b901d665750ccd88ee6459d71ae6dcfde50add5 pid=1446
Feb 09 15:42:00 kind-control-plane containerd[135]: time="2021-02-09T15:42:00.189398455Z" level=info msg="RunPodSandbox for &PodSandboxMetadata{Name:coredns-f9fd979d6-bsj2w,Uid:600655b0-a760-4258-a1f4-d3e4761265fb,Namespace:kube-system,Attempt:0,} returns sandbox id \"623e6e81c7c1bc758c19c8ee7b901d665750ccd88ee6459d71ae6dcfde50add5\""
Feb 09 15:42:00 kind-control-plane containerd[135]: time="2021-02-09T15:42:00.194088136Z" level=info msg="CreateContainer within sandbox \"623e6e81c7c1bc758c19c8ee7b901d665750ccd88ee6459d71ae6dcfde50add5\" for container &ContainerMetadata{Name:coredns,Attempt:0,}"
Feb 09 15:42:00 kind-control-plane containerd[135]: time="2021-02-09T15:42:00.631489921Z" level=info msg="CreateContainer within sandbox \"623e6e81c7c1bc758c19c8ee7b901d665750ccd88ee6459d71ae6dcfde50add5\" for &ContainerMetadata{Name:coredns,Attempt:0,} returns container id \"93b73c0617c2e40b70ef4a845bbae527c71efd6c00c10fb285cf24293b3fe962\""
Feb 09 15:42:00 kind-control-plane containerd[135]: time="2021-02-09T15:42:00.632918156Z" level=info msg="StartContainer for \"93b73c0617c2e40b70ef4a845bbae527c71efd6c00c10fb285cf24293b3fe962\""
Feb 09 15:42:00 kind-control-plane containerd[135]: time="2021-02-09T15:42:00.840687042Z" level=info msg="StartContainer for \"93b73c0617c2e40b70ef4a845bbae527c71efd6c00c10fb285cf24293b3fe962\" returns successfully"
Feb 09 15:42:03 kind-control-plane containerd[135]: time="2021-02-09T15:42:03.947328756Z" level=info msg="RunPodsandbox for &PodSandboxMetadata{Name:coredns-f9fd979d6-w4jqw,Uid:84e6c105-ed03-4b28-9f07-374af52f35f8,Namespace:kube-system,Attempt:0,}"
Feb 09 15:42:04 kind-control-plane containerd[135]: time="2021-02-09T15:42:04.017075631Z" level=info msg="starting signal loop" namespace=k8s.io path=/run/containerd/io.containerd.runtime.v2.task/k8s.io/c722662ca70616886c08d131a3b356aba79932b04dec3cc3a6f4306f9e40998e pid=1577
Feb 09 15:42:04 kind-control-plane containerd[135]: time="2021-02-09T15:42:04.175001319Z" level=info msg="RunPodSandbox for &PodSandboxMetadata{Name:coredns-f9fd979d6-w4jqw,Uid:84e6c105-ed03-4b28-9f07-374af52f35f8,Namespace:kube-system,Attempt:0,} returns sandbox id \"c722662ca70616886c08d131a3b356aba79932b04dec3cc3a6f4306f9e40998e\""
Feb 09 15:42:04 kind-control-plane containerd[135]: time="2021-02-09T15:42:04.185231412Z" level=info msg="CreateContainer within sandbox \"c722662ca70616886c08d131a3b356aba79932b04dec3cc3a6f4306f9e40998e\" for container &ContainerMetadata{Name:coredns,Attempt:0,}"
Feb 09 15:42:04 kind-control-plane containerd[135]: time="2021-02-09T15:42:04.239239028Z" level=info msg="CreateContainer within sandbox \"c722662ca70616886c08d131a3b356aba79932b04dec3cc3a6f4306f9e40998e\" for &ContainerMetadata{Name:coredns,Attempt:0,} returns container id \"010b5dd52547738827cf07a591eda7e25522a67154bbabb6482cff0bf8f29cb6\""
Feb 09 15:42:04 kind-control-plane containerd[135]: time="2021-02-09T15:42:04.241533924Z" level=info msg="StartContainer for \"010b5dd52547738827cf07a591eda7e25522a67154bbabb6482cff0bf8f29cb6\""
Feb 09 15:42:04 kind-control-plane containerd[135]: time="2021-02-09T15:42:04.419231105Z" level=info msg="StartContainer for \"010b5dd52547738827cf07a591eda7e25522a67154bbabb6482cff0bf8f29cb6\" returns successfully"
Feb 09 15:42:22 kind-control-plane containerd[135]: time="2021-02-09T15:42:22.947846744Z" level=info msg="ImageCreate event &ImageCreate{Name:docker.io/library/nginx:latest,Labels:map[string]string{io.cri-containerd.image: managed,},XXX_unrecognized:[],}"
Feb 09 15:42:22 kind-control-plane containerd[135]: time="2021-02-09T15:42:22.951628361Z" level=info msg="ImageCreate event &ImageCreate{Name:sha256:298ec0e28760b8eb1aad79711dc29c19041c61d7cf342dd1f445e91f30500549,Labels:map[string]string{io.cri-containerd.image: managed,},XXX_unrecognized:[],}"
Feb 09 15:42:22 kind-control-plane containerd[135]: time="2021-02-09T15:42:22.954605700Z" level=info msg="ImageUpdate event &ImageUpdate{Name:docker.io/library/nginx:latest,Labels:map[string]string{io.cri-containerd.image: managed,},XXX_unrecognized:[],}"
Feb 09 15:42:22 kind-control-plane containerd[135]: time="2021-02-09T15:42:22.957409170Z" level=info msg="ImageCreate event &ImageCreate{Name:docker.io/library/nginx@sha256:8e10956422503824ebb599f37c26a90fe70541942687f70bbdb744530fc9eba4,Labels:map[string]string{io.cri-containerd.image: managed,},XXX_unrecognized:[],}"
Feb 09 15:42:22 kind-control-plane containerd[135]: time="2021-02-09T15:42:22.959129512Z" level=info msg="PullImage \"nginx:latest\" returns image reference \"sha256:298ec0e28760b8eb1aad79711dc29c19041c61d7cf342dd1f445e91f30500549\""
Feb 09 15:42:22 kind-control-plane containerd[135]: time="2021-02-09T15:42:22.962331894Z" level=info msg="PullImage \"nginx:latest\""
Feb 09 15:42:22 kind-control-plane containerd[135]: time="2021-02-09T15:42:22.966700897Z" level=info msg="CreateContainer within sandbox \"12ff9db97b12be0a37f02d9aef58c3023bfb9e166ed5b594dcb81bda4a8642f1\" for container &ContainerMetadata{Name:nginx,Attempt:0,}"
Feb 09 15:42:23 kind-control-plane containerd[135]: time="2021-02-09T15:42:23.354267177Z" level=info msg="CreateContainer within sandbox \"12ff9db97b12be0a37f02d9aef58c3023bfb9e166ed5b594dcb81bda4a8642f1\" for &ContainerMetadata{Name:nginx,Attempt:0,} returns container id \"73a914884c788116f3d44435c7b9cbde874bc455a56e64f7119ada20891a9ca7\""
Feb 09 15:42:23 kind-control-plane containerd[135]: time="2021-02-09T15:42:23.355832884Z" level=info msg="StartContainer for \"73a914884c788116f3d44435c7b9cbde874bc455a56e64f7119ada20891a9ca7\""
Feb 09 15:42:23 kind-control-plane containerd[135]: time="2021-02-09T15:42:23.492177384Z" level=info msg="StartContainer for \"73a914884c788116f3d44435c7b9cbde874bc455a56e64f7119ada20891a9ca7\" returns successfully"
Feb 09 15:42:24 kind-control-plane containerd[135]: time="2021-02-09T15:42:24.025913302Z" level=info msg="ImageUpdate event &ImageUpdate{Name:docker.io/library/nginx:latest,Labels:map[string]string{io.cri-containerd.image: managed,},XXX_unrecognized:[],}"
Feb 09 15:42:24 kind-control-plane containerd[135]: time="2021-02-09T15:42:24.028658588Z" level=info msg="ImageUpdate event &ImageUpdate{Name:sha256:298ec0e28760b8eb1aad79711dc29c19041c61d7cf342dd1f445e91f30500549,Labels:map[string]string{io.cri-containerd.image: managed,},XXX_unrecognized:[],}"
Feb 09 15:42:24 kind-control-plane containerd[135]: time="2021-02-09T15:42:24.031499291Z" level=info msg="ImageUpdate event &ImageUpdate{Name:docker.io/library/nginx:latest,Labels:map[string]string{io.cri-containerd.image: managed,},XXX_unrecognized:[],}"
Feb 09 15:42:24 kind-control-plane containerd[135]: time="2021-02-09T15:42:24.034238122Z" level=info msg="ImageUpdate event &ImageUpdate{Name:docker.io/library/nginx@sha256:8e10956422503824ebb599f37c26a90fe70541942687f70bbdb744530fc9eba4,Labels:map[string]string{io.cri-containerd.image: managed,},XXX_unrecognized:[],}"
Feb 09 15:42:24 kind-control-plane containerd[135]: time="2021-02-09T15:42:24.035451748Z" level=info msg="PullImage \"nginx:latest\" returns image reference \"sha256:298ec0e28760b8eb1aad79711dc29c19041c61d7cf342dd1f445e91f30500549\""
Feb 09 15:42:24 kind-control-plane containerd[135]: time="2021-02-09T15:42:24.036976249Z" level=info msg="PullImage \"nginx:latest\""
Feb 09 15:42:24 kind-control-plane containerd[135]: time="2021-02-09T15:42:24.043998208Z" level=info msg="CreateContainer within sandbox \"1f41c66dc8559c2853b2db91931ba0c840c605b4c3d2c740cbdae3c72dc6571a\" for container &ContainerMetadata{Name:nginx,Attempt:0,}"
Feb 09 15:42:24 kind-control-plane containerd[135]: time="2021-02-09T15:42:24.097047376Z" level=info msg="CreateContainer within sandbox \"1f41c66dc8559c2853b2db91931ba0c840c605b4c3d2c740cbdae3c72dc6571a\" for &ContainerMetadata{Name:nginx,Attempt:0,} returns container id \"8f039aba9c12af914d7ef3112120c82cc91a5f6f3017abecfeece62151bbea98\""
Feb 09 15:42:24 kind-control-plane containerd[135]: time="2021-02-09T15:42:24.097804572Z" level=info msg="StartContainer for \"8f039aba9c12af914d7ef3112120c82cc91a5f6f3017abecfeece62151bbea98\""
Feb 09 15:42:24 kind-control-plane containerd[135]: time="2021-02-09T15:42:24.255284151Z" level=info msg="StartContainer for \"8f039aba9c12af914d7ef3112120c82cc91a5f6f3017abecfeece62151bbea98\" returns successfully"
Feb 09 15:42:25 kind-control-plane containerd[135]: time="2021-02-09T15:42:25.138086629Z" level=info msg="ImageUpdate event &ImageUpdate{Name:docker.io/library/nginx:latest,Labels:map[string]string{io.cri-containerd.image: managed,},XXX_unrecognized:[],}"
Feb 09 15:42:25 kind-control-plane containerd[135]: time="2021-02-09T15:42:25.143397316Z" level=info msg="ImageUpdate event &ImageUpdate{Name:sha256:298ec0e28760b8eb1aad79711dc29c19041c61d7cf342dd1f445e91f30500549,Labels:map[string]string{io.cri-containerd.image: managed,},XXX_unrecognized:[],}"
Feb 09 15:42:25 kind-control-plane containerd[135]: time="2021-02-09T15:42:25.147501456Z" level=info msg="ImageUpdate event &ImageUpdate{Name:docker.io/library/nginx:latest,Labels:map[string]string{io.cri-containerd.image: managed,},XXX_unrecognized:[],}"
Feb 09 15:42:25 kind-control-plane containerd[135]: time="2021-02-09T15:42:25.150267794Z" level=info msg="ImageUpdate event &ImageUpdate{Name:docker.io/library/nginx@sha256:8e10956422503824ebb599f37c26a90fe70541942687f70bbdb744530fc9eba4,Labels:map[string]string{io.cri-containerd.image: managed,},XXX_unrecognized:[],}"
Feb 09 15:42:25 kind-control-plane containerd[135]: time="2021-02-09T15:42:25.152785568Z" level=info msg="PullImage \"nginx:latest\" returns image reference \"sha256:298ec0e28760b8eb1aad79711dc29c19041c61d7cf342dd1f445e91f30500549\""
Feb 09 15:42:25 kind-control-plane containerd[135]: time="2021-02-09T15:42:25.155513482Z" level=info msg="CreateContainer within sandbox \"5052e9fd99a8dc5b1277451bf0870ae9d872a43a9d18687a0928a45f50aa6468\" for container &ContainerMetadata{Name:nginx,Attempt:0,}"
Feb 09 15:42:25 kind-control-plane containerd[135]: time="2021-02-09T15:42:25.202407871Z" level=info msg="CreateContainer within sandbox \"5052e9fd99a8dc5b1277451bf0870ae9d872a43a9d18687a0928a45f50aa6468\" for &ContainerMetadata{Name:nginx,Attempt:0,} returns container id \"1c647ba708654c01d9b03c81961287ead9d5390b55f27c49f5f54dd95a2f05f5\""
Feb 09 15:42:25 kind-control-plane containerd[135]: time="2021-02-09T15:42:25.203145244Z" level=info msg="StartContainer for \"1c647ba708654c01d9b03c81961287ead9d5390b55f27c49f5f54dd95a2f05f5\""
Feb 09 15:42:25 kind-control-plane containerd[135]: time="2021-02-09T15:42:25.378449361Z" level=info msg="StartContainer for \"1c647ba708654c01d9b03c81961287ead9d5390b55f27c49f5f54dd95a2f05f5\" returns successfully"
Feb 09 15:42:46 kind-control-plane containerd[135]: time="2021-02-09T15:42:46.201711163Z" level=info msg="StopContainer for \"73a914884c788116f3d44435c7b9cbde874bc455a56e64f7119ada20891a9ca7\" with timeout 30 (s)"
Feb 09 15:42:46 kind-control-plane containerd[135]: time="2021-02-09T15:42:46.202700250Z" level=info msg="Stop container \"73a914884c788116f3d44435c7b9cbde874bc455a56e64f7119ada20891a9ca7\" with signal quit"
Feb 09 15:42:46 kind-control-plane containerd[135]: time="2021-02-09T15:42:46.202908969Z" level=info msg="StopContainer for \"1c647ba708654c01d9b03c81961287ead9d5390b55f27c49f5f54dd95a2f05f5\" with timeout 30 (s)"
Feb 09 15:42:46 kind-control-plane containerd[135]: time="2021-02-09T15:42:46.203927817Z" level=info msg="Stop container \"1c647ba708654c01d9b03c81961287ead9d5390b55f27c49f5f54dd95a2f05f5\" with signal quit"
Feb 09 15:42:46 kind-control-plane containerd[135]: time="2021-02-09T15:42:46.207114465Z" level=info msg="StopContainer for \"8f039aba9c12af914d7ef3112120c82cc91a5f6f3017abecfeece62151bbea98\" with timeout 30 (s)"
Feb 09 15:42:46 kind-control-plane containerd[135]: time="2021-02-09T15:42:46.208530044Z" level=info msg="Stop container \"8f039aba9c12af914d7ef3112120c82cc91a5f6f3017abecfeece62151bbea98\" with signal quit"
Feb 09 15:42:46 kind-control-plane containerd[135]: time="2021-02-09T15:42:46.252244108Z" level=info msg="Finish piping stdout of container \"73a914884c788116f3d44435c7b9cbde874bc455a56e64f7119ada20891a9ca7\""
Feb 09 15:42:46 kind-control-plane containerd[135]: time="2021-02-09T15:42:46.252428977Z" level=info msg="Finish piping stderr of container \"73a914884c788116f3d44435c7b9cbde874bc455a56e64f7119ada20891a9ca7\""
Feb 09 15:42:46 kind-control-plane containerd[135]: time="2021-02-09T15:42:46.257837594Z" level=info msg="TaskExit event &TaskExit{ContainerID:73a914884c788116f3d44435c7b9cbde874bc455a56e64f7119ada20891a9ca7,ID:73a914884c788116f3d44435c7b9cbde874bc455a56e64f7119ada20891a9ca7,Pid:1777,ExitStatus:0,ExitedAt:2021-02-09 15:42:46.257273291 +0000 UTC,XXX_unrecognized:[],}"
Feb 09 15:42:46 kind-control-plane containerd[135]: time="2021-02-09T15:42:46.263559258Z" level=info msg="Finish piping stdout of container \"1c647ba708654c01d9b03c81961287ead9d5390b55f27c49f5f54dd95a2f05f5\""
Feb 09 15:42:46 kind-control-plane containerd[135]: time="2021-02-09T15:42:46.263586481Z" level=info msg="Finish piping stderr of container \"1c647ba708654c01d9b03c81961287ead9d5390b55f27c49f5f54dd95a2f05f5\""
Feb 09 15:42:46 kind-control-plane containerd[135]: time="2021-02-09T15:42:46.279484199Z" level=info msg="Finish piping stdout of container \"8f039aba9c12af914d7ef3112120c82cc91a5f6f3017abecfeece62151bbea98\""
Feb 09 15:42:46 kind-control-plane containerd[135]: time="2021-02-09T15:42:46.279591998Z" level=info msg="Finish piping stderr of container \"8f039aba9c12af914d7ef3112120c82cc91a5f6f3017abecfeece62151bbea98\""
Feb 09 15:42:46 kind-control-plane containerd[135]: time="2021-02-09T15:42:46.328037936Z" level=info msg="shim disconnected" id=73a914884c788116f3d44435c7b9cbde874bc455a56e64f7119ada20891a9ca7
Feb 09 15:42:46 kind-control-plane containerd[135]: time="2021-02-09T15:42:46.330245503Z" level=info msg="TaskExit event &TaskExit{ContainerID:1c647ba708654c01d9b03c81961287ead9d5390b55f27c49f5f54dd95a2f05f5,ID:1c647ba708654c01d9b03c81961287ead9d5390b55f27c49f5f54dd95a2f05f5,Pid:1894,ExitStatus:0,ExitedAt:2021-02-09 15:42:46.2659851 +0000 UTC,XXX_unrecognized:[],}"
Feb 09 15:42:46 kind-control-plane containerd[135]: time="2021-02-09T15:42:46.330343645Z" level=info msg="StopContainer for \"73a914884c788116f3d44435c7b9cbde874bc455a56e64f7119ada20891a9ca7\" returns successfully"
Feb 09 15:42:46 kind-control-plane containerd[135]: time="2021-02-09T15:42:46.331028313Z" level=info msg="StopPodSandbox for \"12ff9db97b12be0a37f02d9aef58c3023bfb9e166ed5b594dcb81bda4a8642f1\""
Feb 09 15:42:46 kind-control-plane containerd[135]: time="2021-02-09T15:42:46.331149388Z" level=info msg="Container to stop \"73a914884c788116f3d44435c7b9cbde874bc455a56e64f7119ada20891a9ca7\" must be in running or unknown state, current state \"CONTAINER_EXITED\""
Feb 09 15:42:46 kind-control-plane containerd[135]: time="2021-02-09T15:42:46.395248385Z" level=info msg="shim disconnected" id=1c647ba708654c01d9b03c81961287ead9d5390b55f27c49f5f54dd95a2f05f5
Feb 09 15:42:46 kind-control-plane containerd[135]: time="2021-02-09T15:42:46.398060814Z" level=info msg="TaskExit event &TaskExit{ContainerID:8f039aba9c12af914d7ef3112120c82cc91a5f6f3017abecfeece62151bbea98,ID:8f039aba9c12af914d7ef3112120c82cc91a5f6f3017abecfeece62151bbea98,Pid:1837,ExitStatus:0,ExitedAt:2021-02-09 15:42:46.281127428 +0000 UTC,XXX_unrecognized:[],}"
Feb 09 15:42:46 kind-control-plane containerd[135]: time="2021-02-09T15:42:46.398232329Z" level=info msg="StopContainer for \"1c647ba708654c01d9b03c81961287ead9d5390b55f27c49f5f54dd95a2f05f5\" returns successfully"
Feb 09 15:42:46 kind-control-plane containerd[135]: time="2021-02-09T15:42:46.399653393Z" level=info msg="StopPodSandbox for \"5052e9fd99a8dc5b1277451bf0870ae9d872a43a9d18687a0928a45f50aa6468\""
Feb 09 15:42:46 kind-control-plane containerd[135]: time="2021-02-09T15:42:46.399877978Z" level=info msg="Container to stop \"1c647ba708654c01d9b03c81961287ead9d5390b55f27c49f5f54dd95a2f05f5\" must be in running or unknown state, current state \"CONTAINER_EXITED\""
Feb 09 15:42:46 kind-control-plane containerd[135]: time="2021-02-09T15:42:46.462662250Z" level=info msg="shim disconnected" id=8f039aba9c12af914d7ef3112120c82cc91a5f6f3017abecfeece62151bbea98
Feb 09 15:42:46 kind-control-plane containerd[135]: time="2021-02-09T15:42:46.466685090Z" level=info msg="TaskExit event &TaskExit{ContainerID:12ff9db97b12be0a37f02d9aef58c3023bfb9e166ed5b594dcb81bda4a8642f1,ID:12ff9db97b12be0a37f02d9aef58c3023bfb9e166ed5b594dcb81bda4a8642f1,Pid:1260,ExitStatus:137,ExitedAt:2021-02-09 15:42:46.399651279 +0000 UTC,XXX_unrecognized:[],}"
Feb 09 15:42:46 kind-control-plane containerd[135]: time="2021-02-09T15:42:46.466925658Z" level=info msg="StopContainer for \"8f039aba9c12af914d7ef3112120c82cc91a5f6f3017abecfeece62151bbea98\" returns successfully"
Feb 09 15:42:46 kind-control-plane containerd[135]: time="2021-02-09T15:42:46.467622468Z" level=info msg="StopPodSandbox for \"1f41c66dc8559c2853b2db91931ba0c840c605b4c3d2c740cbdae3c72dc6571a\""
Feb 09 15:42:46 kind-control-plane containerd[135]: time="2021-02-09T15:42:46.468189903Z" level=info msg="Container to stop \"8f039aba9c12af914d7ef3112120c82cc91a5f6f3017abecfeece62151bbea98\" must be in running or unknown state, current state \"CONTAINER_EXITED\""
Feb 09 15:42:46 kind-control-plane containerd[135]: time="2021-02-09T15:42:46.501653770Z" level=info msg="RemoveContainer for \"73a914884c788116f3d44435c7b9cbde874bc455a56e64f7119ada20891a9ca7\""
Feb 09 15:42:46 kind-control-plane containerd[135]: time="2021-02-09T15:42:46.514135713Z" level=info msg="RemoveContainer for \"73a914884c788116f3d44435c7b9cbde874bc455a56e64f7119ada20891a9ca7\" returns successfully"
Feb 09 15:42:46 kind-control-plane containerd[135]: time="2021-02-09T15:42:46.516642042Z" level=info msg="RemoveContainer for \"1c647ba708654c01d9b03c81961287ead9d5390b55f27c49f5f54dd95a2f05f5\""
Feb 09 15:42:46 kind-control-plane containerd[135]: time="2021-02-09T15:42:46.522138923Z" level=info msg="RemoveContainer for \"1c647ba708654c01d9b03c81961287ead9d5390b55f27c49f5f54dd95a2f05f5\" returns successfully"
Feb 09 15:42:46 kind-control-plane containerd[135]: time="2021-02-09T15:42:46.525888430Z" level=info msg="RemoveContainer for \"8f039aba9c12af914d7ef3112120c82cc91a5f6f3017abecfeece62151bbea98\""
Feb 09 15:42:46 kind-control-plane containerd[135]: time="2021-02-09T15:42:46.532917632Z" level=info msg="RemoveContainer for \"8f039aba9c12af914d7ef3112120c82cc91a5f6f3017abecfeece62151bbea98\" returns successfully"
Feb 09 15:42:46 kind-control-plane containerd[135]: time="2021-02-09T15:42:46.556329334Z" level=info msg="TaskExit event &TaskExit{ContainerID:5052e9fd99a8dc5b1277451bf0870ae9d872a43a9d18687a0928a45f50aa6468,ID:5052e9fd99a8dc5b1277451bf0870ae9d872a43a9d18687a0928a45f50aa6468,Pid:1317,ExitStatus:137,ExitedAt:2021-02-09 15:42:46.451655748 +0000 UTC,XXX_unrecognized:[],}"
Feb 09 15:42:46 kind-control-plane containerd[135]: time="2021-02-09T15:42:46.557254149Z" level=info msg="shim disconnected" id=12ff9db97b12be0a37f02d9aef58c3023bfb9e166ed5b594dcb81bda4a8642f1
Feb 09 15:42:46 kind-control-plane containerd[135]: time="2021-02-09T15:42:46.610825413Z" level=info msg="TearDown network for sandbox \"12ff9db97b12be0a37f02d9aef58c3023bfb9e166ed5b594dcb81bda4a8642f1\" successfully"
Feb 09 15:42:46 kind-control-plane containerd[135]: time="2021-02-09T15:42:46.611015547Z" level=info msg="StopPodSandbox for \"12ff9db97b12be0a37f02d9aef58c3023bfb9e166ed5b594dcb81bda4a8642f1\" returns successfully"
Feb 09 15:42:46 kind-control-plane containerd[135]: time="2021-02-09T15:42:46.614438124Z" level=info msg="shim disconnected" id=5052e9fd99a8dc5b1277451bf0870ae9d872a43a9d18687a0928a45f50aa6468
Feb 09 15:42:46 kind-control-plane containerd[135]: time="2021-02-09T15:42:46.615438405Z" level=info msg="TaskExit event &TaskExit{ContainerID:1f41c66dc8559c2853b2db91931ba0c840c605b4c3d2c740cbdae3c72dc6571a,ID:1f41c66dc8559c2853b2db91931ba0c840c605b4c3d2c740cbdae3c72dc6571a,Pid:1304,ExitStatus:137,ExitedAt:2021-02-09 15:42:46.523370586 +0000 UTC,XXX_unrecognized:[],}"
Feb 09 15:42:46 kind-control-plane containerd[135]: time="2021-02-09T15:42:46.666034825Z" level=info msg="shim disconnected" id=1f41c66dc8559c2853b2db91931ba0c840c605b4c3d2c740cbdae3c72dc6571a
Feb 09 15:42:46 kind-control-plane containerd[135]: time="2021-02-09T15:42:46.672360887Z" level=info msg="TearDown network for sandbox \"5052e9fd99a8dc5b1277451bf0870ae9d872a43a9d18687a0928a45f50aa6468\" successfully"
Feb 09 15:42:46 kind-control-plane containerd[135]: time="2021-02-09T15:42:46.673218146Z" level=info msg="StopPodSandbox for \"5052e9fd99a8dc5b1277451bf0870ae9d872a43a9d18687a0928a45f50aa6468\" returns successfully"
Feb 09 15:42:46 kind-control-plane containerd[135]: time="2021-02-09T15:42:46.717882223Z" level=info msg="TearDown network for sandbox \"1f41c66dc8559c2853b2db91931ba0c840c605b4c3d2c740cbdae3c72dc6571a\" successfully"
Feb 09 15:42:46 kind-control-plane containerd[135]: time="2021-02-09T15:42:46.717960134Z" level=info msg="StopPodSandbox for \"1f41c66dc8559c2853b2db91931ba0c840c605b4c3d2c740cbdae3c72dc6571a\" returns successfully"
Feb 09 15:42:47 kind-control-plane containerd[135]: time="2021-02-09T15:42:47.549133271Z" level=info msg="StopPodSandbox for \"12ff9db97b12be0a37f02d9aef58c3023bfb9e166ed5b594dcb81bda4a8642f1\""
Feb 09 15:42:47 kind-control-plane containerd[135]: time="2021-02-09T15:42:47.558416404Z" level=info msg="StopPodSandbox for \"5052e9fd99a8dc5b1277451bf0870ae9d872a43a9d18687a0928a45f50aa6468\""
Feb 09 15:42:47 kind-control-plane containerd[135]: time="2021-02-09T15:42:47.573589599Z" level=info msg="StopPodSandbox for \"1f41c66dc8559c2853b2db91931ba0c840c605b4c3d2c740cbdae3c72dc6571a\""
Feb 09 15:42:47 kind-control-plane containerd[135]: time="2021-02-09T15:42:47.656894581Z" level=info msg="TearDown network for sandbox \"12ff9db97b12be0a37f02d9aef58c3023bfb9e166ed5b594dcb81bda4a8642f1\" successfully"
Feb 09 15:42:47 kind-control-plane containerd[135]: time="2021-02-09T15:42:47.657302133Z" level=info msg="StopPodSandbox for \"12ff9db97b12be0a37f02d9aef58c3023bfb9e166ed5b594dcb81bda4a8642f1\" returns successfully"
Feb 09 15:42:47 kind-control-plane containerd[135]: time="2021-02-09T15:42:47.662869124Z" level=info msg="TearDown network for sandbox \"1f41c66dc8559c2853b2db91931ba0c840c605b4c3d2c740cbdae3c72dc6571a\" successfully"
Feb 09 15:42:47 kind-control-plane containerd[135]: time="2021-02-09T15:42:47.664433291Z" level=info msg="StopPodSandbox for \"1f41c66dc8559c2853b2db91931ba0c840c605b4c3d2c740cbdae3c72dc6571a\" returns successfully"
Feb 09 15:42:47 kind-control-plane containerd[135]: time="2021-02-09T15:42:47.664059392Z" level=info msg="TearDown network for sandbox \"5052e9fd99a8dc5b1277451bf0870ae9d872a43a9d18687a0928a45f50aa6468\" successfully"
Feb 09 15:42:47 kind-control-plane containerd[135]: time="2021-02-09T15:42:47.679854489Z" level=info msg="StopPodSandbox for \"5052e9fd99a8dc5b1277451bf0870ae9d872a43a9d18687a0928a45f50aa6468\" returns successfully"
